
           ####      G N O M             Version 5.0 (r14885)      ####
                                               Fri Apr 11 11:46:42 2025

           ####      Configuration                                 ####

    System Type:                   arbitrary monodisperse (job = 0)
    Minimum characteristic size:         0.0000
    Maximum characteristic size:        13.0100
    rad56:                               0.0000
    Force 0.0 at r = rmin:                  yes
    Force 0.0 at r = rmax:                  yes
    Initial alpha:                      16.5300
    Initial random seed:    4218653543154858876
    Points in real space:                   190

    Input  1:                      /Users/oskarsvensson/Science/FILES/ARTICLES/Experiment/SAXS_data_Jan_2025_Grenoble/Hst1_HS/Hst1_HS_pro/4p77.dat
    First data point used:                   20
    Last data point used:                   584
    Scaling coefficient:             0.1000E+01
    Experimental setup:            point collimation



           ####      Results                                       ####

    Parameter    DISCRP  OSCILL  STABIL  SYSDEV  POSITV  VALCEN  SMOOTH
    Weight        1.000   3.000   3.000   3.000   1.000   1.000   1.000
    Sigma         0.300   0.600   0.120   0.120   0.120   0.120   0.600
    Ideal         0.700   1.100   0.000   1.000   1.000   0.950   0.000
    Current       0.617   2.202   0.003   0.947   1.000   0.554   0.615
               --------------------------------------------------------
    Estimate      0.927   0.034   0.999   0.822   1.000   0.000   0.350

    Angular range:                       0.1705 to       2.9261
    Reciprocal space Rg:             0.2951E+01
    Reciprocal space I(0):           0.6953E-01

    Real space range:                    0.0000 to      13.0100
    Real space Rg:                   0.2983E+01 +-   0.1638E-01
    Real space I(0):                 0.6954E-01 +-   0.1483E-03

    Highest ALPHA (theor):           0.3928E+03
    Current ALPHA:                   0.1653E+02

    Total Estimate:                      0.6032 (a REASONABLE solution)



           ####      Experimental Data and Fit                     ####

      S          J EXP       ERROR       J REG       I REG

   0.000000E+00                                                0.695444E-01
   0.608980E-02                                                0.695366E-01
   0.121796E-01                                                0.695137E-01
   0.182694E-01                                                0.694755E-01
   0.243592E-01                                                0.694220E-01
   0.304490E-01                                                0.693535E-01
   0.365388E-01                                                0.692698E-01
   0.426286E-01                                                0.691711E-01
   0.487184E-01                                                0.690576E-01
   0.548082E-01                                                0.689293E-01
   0.608980E-01                                                0.687864E-01
   0.669878E-01                                                0.686290E-01
   0.730776E-01                                                0.684574E-01
   0.791674E-01                                                0.682717E-01
   0.852572E-01                                                0.680721E-01
   0.913469E-01                                                0.678589E-01
   0.974367E-01                                                0.676322E-01
   0.103527E+00                                                0.673923E-01
   0.109616E+00                                                0.671395E-01
   0.115706E+00                                                0.668741E-01
   0.121796E+00                                                0.665963E-01
   0.127886E+00                                                0.663064E-01
   0.133976E+00                                                0.660047E-01
   0.140065E+00                                                0.656916E-01
   0.146155E+00                                                0.653673E-01
   0.152245E+00                                                0.650323E-01
   0.158335E+00                                                0.646867E-01
   0.164425E+00                                                0.643311E-01
   0.170514E+00   0.637973E-01   0.399802E-03   0.639657E-01   0.639657E-01
   0.175400E+00   0.642173E-01   0.388035E-03   0.636657E-01   0.636657E-01
   0.180286E+00   0.638134E-01   0.381592E-03   0.633598E-01   0.633598E-01
   0.185171E+00   0.627213E-01   0.379076E-03   0.630483E-01   0.630483E-01
   0.190057E+00   0.629542E-01   0.369115E-03   0.627313E-01   0.627313E-01
   0.194943E+00   0.628103E-01   0.360271E-03   0.624090E-01   0.624090E-01
   0.199829E+00   0.621451E-01   0.354994E-03   0.620815E-01   0.620815E-01
   0.204714E+00   0.621223E-01   0.351249E-03   0.617492E-01   0.617492E-01
   0.209600E+00   0.611826E-01   0.344177E-03   0.614122E-01   0.614122E-01
   0.214486E+00   0.610449E-01   0.337628E-03   0.610706E-01   0.610706E-01
   0.219371E+00   0.604808E-01   0.332509E-03   0.607247E-01   0.607247E-01
   0.224257E+00   0.603903E-01   0.329606E-03   0.603747E-01   0.603747E-01
   0.229143E+00   0.602410E-01   0.323098E-03   0.600208E-01   0.600208E-01
   0.234029E+00   0.602293E-01   0.315689E-03   0.596632E-01   0.596632E-01
   0.238914E+00   0.593976E-01   0.314371E-03   0.593020E-01   0.593020E-01
   0.243800E+00   0.591000E-01   0.311870E-03   0.589374E-01   0.589374E-01
   0.248686E+00   0.586619E-01   0.304506E-03   0.585697E-01   0.585697E-01
   0.253572E+00   0.584256E-01   0.300477E-03   0.581991E-01   0.581991E-01
   0.258457E+00   0.577790E-01   0.299781E-03   0.578257E-01   0.578257E-01
   0.263343E+00   0.574484E-01   0.299640E-03   0.574497E-01   0.574497E-01
   0.268229E+00   0.572621E-01   0.302886E-03   0.570713E-01   0.570713E-01
   0.273114E+00   0.565545E-01   0.304698E-03   0.566907E-01   0.566907E-01
   0.278000E+00   0.560683E-01   0.314227E-03   0.563081E-01   0.563081E-01
   0.282886E+00   0.556767E-01   0.316289E-03   0.559237E-01   0.559237E-01
   0.287772E+00   0.550409E-01   0.318535E-03   0.555376E-01   0.555376E-01
   0.292657E+00   0.544935E-01   0.321331E-03   0.551499E-01   0.551499E-01
   0.297543E+00   0.545119E-01   0.323302E-03   0.547610E-01   0.547610E-01
   0.302429E+00   0.541091E-01   0.317441E-03   0.543709E-01   0.543709E-01
   0.307314E+00   0.538003E-01   0.305859E-03   0.539799E-01   0.539799E-01
   0.312200E+00   0.534297E-01   0.302591E-03   0.535880E-01   0.535880E-01
   0.317086E+00   0.532480E-01   0.301562E-03   0.531955E-01   0.531955E-01
   0.321972E+00   0.527997E-01   0.296363E-03   0.528024E-01   0.528024E-01
   0.326857E+00   0.523318E-01   0.285942E-03   0.524091E-01   0.524091E-01
   0.331743E+00   0.522588E-01   0.281526E-03   0.520155E-01   0.520155E-01
   0.336629E+00   0.516347E-01   0.269963E-03   0.516218E-01   0.516218E-01
   0.341515E+00   0.509430E-01   0.267297E-03   0.512283E-01   0.512283E-01
   0.346400E+00   0.501861E-01   0.262391E-03   0.508350E-01   0.508350E-01
   0.351286E+00   0.501443E-01   0.261345E-03   0.504420E-01   0.504420E-01
   0.356172E+00   0.499613E-01   0.255383E-03   0.500495E-01   0.500495E-01
   0.361057E+00   0.493231E-01   0.250937E-03   0.496577E-01   0.496577E-01
   0.365943E+00   0.493326E-01   0.252260E-03   0.492665E-01   0.492665E-01
   0.370829E+00   0.488710E-01   0.250955E-03   0.488763E-01   0.488763E-01
   0.375715E+00   0.483923E-01   0.246352E-03   0.484870E-01   0.484870E-01
   0.380600E+00   0.476017E-01   0.241538E-03   0.480987E-01   0.480987E-01
   0.385486E+00   0.477602E-01   0.241315E-03   0.477117E-01   0.477117E-01
   0.390372E+00   0.472597E-01   0.236907E-03   0.473259E-01   0.473259E-01
   0.395257E+00   0.468200E-01   0.233152E-03   0.469416E-01   0.469416E-01
   0.400143E+00   0.465468E-01   0.231799E-03   0.465587E-01   0.465587E-01
   0.405029E+00   0.462168E-01   0.230447E-03   0.461773E-01   0.461773E-01
   0.409915E+00   0.459363E-01   0.226059E-03   0.457976E-01   0.457976E-01
   0.414800E+00   0.454853E-01   0.224168E-03   0.454196E-01   0.454196E-01
   0.419686E+00   0.442811E-01   0.221312E-03   0.450435E-01   0.450435E-01
   0.424572E+00   0.448524E-01   0.221272E-03   0.446692E-01   0.446692E-01
   0.429458E+00   0.442441E-01   0.218553E-03   0.442968E-01   0.442968E-01
   0.434343E+00   0.442570E-01   0.217315E-03   0.439264E-01   0.439264E-01
   0.439229E+00   0.438243E-01   0.216578E-03   0.435581E-01   0.435581E-01
   0.444115E+00   0.429825E-01   0.215796E-03   0.431919E-01   0.431919E-01
   0.449001E+00   0.431757E-01   0.210987E-03   0.428279E-01   0.428279E-01
   0.453886E+00   0.423921E-01   0.208854E-03   0.424662E-01   0.424662E-01
   0.458772E+00   0.423787E-01   0.211334E-03   0.421066E-01   0.421066E-01
   0.463658E+00   0.416056E-01   0.207387E-03   0.417494E-01   0.417494E-01
   0.468543E+00   0.415465E-01   0.205557E-03   0.413946E-01   0.413946E-01
   0.473429E+00   0.408772E-01   0.202592E-03   0.410421E-01   0.410421E-01
   0.478315E+00   0.408613E-01   0.202612E-03   0.406920E-01   0.406920E-01
   0.483200E+00   0.406736E-01   0.199319E-03   0.403444E-01   0.403444E-01
   0.488086E+00   0.400032E-01   0.198338E-03   0.399992E-01   0.399992E-01
   0.492972E+00   0.395781E-01   0.200643E-03   0.396565E-01   0.396565E-01
   0.497858E+00   0.395271E-01   0.200761E-03   0.393163E-01   0.393163E-01
   0.502743E+00   0.389300E-01   0.201003E-03   0.389786E-01   0.389786E-01
   0.507629E+00   0.386032E-01   0.201218E-03   0.386435E-01   0.386435E-01
   0.512515E+00   0.382012E-01   0.201750E-03   0.383109E-01   0.383109E-01
   0.517401E+00   0.382552E-01   0.201254E-03   0.379809E-01   0.379809E-01
   0.522286E+00   0.377040E-01   0.200490E-03   0.376534E-01   0.376534E-01
   0.527172E+00   0.376798E-01   0.199687E-03   0.373285E-01   0.373285E-01
   0.532058E+00   0.369598E-01   0.200638E-03   0.370062E-01   0.370062E-01
   0.536944E+00   0.368576E-01   0.197468E-03   0.366864E-01   0.366864E-01
   0.541829E+00   0.366571E-01   0.198511E-03   0.363692E-01   0.363692E-01
   0.546715E+00   0.361662E-01   0.197478E-03   0.360546E-01   0.360546E-01
   0.551601E+00   0.358193E-01   0.198988E-03   0.357425E-01   0.357425E-01
   0.556486E+00   0.355018E-01   0.194829E-03   0.354329E-01   0.354329E-01
   0.561372E+00   0.353007E-01   0.189250E-03   0.351259E-01   0.351259E-01
   0.566258E+00   0.346005E-01   0.187864E-03   0.348214E-01   0.348214E-01
   0.571144E+00   0.345707E-01   0.184859E-03   0.345195E-01   0.345195E-01
   0.576029E+00   0.341491E-01   0.183642E-03   0.342200E-01   0.342200E-01
   0.580915E+00   0.335859E-01   0.179798E-03   0.339231E-01   0.339231E-01
   0.585801E+00   0.337273E-01   0.179911E-03   0.336286E-01   0.336286E-01
   0.590686E+00   0.334316E-01   0.177949E-03   0.333365E-01   0.333365E-01
   0.595572E+00   0.331599E-01   0.174873E-03   0.330470E-01   0.330470E-01
   0.600458E+00   0.330454E-01   0.174341E-03   0.327598E-01   0.327598E-01
   0.605344E+00   0.327649E-01   0.174277E-03   0.324751E-01   0.324751E-01
   0.610229E+00   0.323488E-01   0.172362E-03   0.321927E-01   0.321927E-01
   0.615115E+00   0.319720E-01   0.170353E-03   0.319127E-01   0.319127E-01
   0.620001E+00   0.318322E-01   0.168888E-03   0.316351E-01   0.316351E-01
   0.624887E+00   0.314518E-01   0.169807E-03   0.313598E-01   0.313598E-01
   0.629772E+00   0.315785E-01   0.167049E-03   0.310869E-01   0.310869E-01
   0.634658E+00   0.308768E-01   0.166540E-03   0.308162E-01   0.308162E-01
   0.639544E+00   0.304889E-01   0.165879E-03   0.305478E-01   0.305478E-01
   0.644429E+00   0.303732E-01   0.164576E-03   0.302817E-01   0.302817E-01
   0.649315E+00   0.299895E-01   0.162650E-03   0.300178E-01   0.300178E-01
   0.654201E+00   0.302800E-01   0.161676E-03   0.297561E-01   0.297561E-01
   0.659087E+00   0.295371E-01   0.162175E-03   0.294966E-01   0.294966E-01
   0.663972E+00   0.291301E-01   0.160383E-03   0.292393E-01   0.292393E-01
   0.668858E+00   0.290092E-01   0.159091E-03   0.289842E-01   0.289842E-01
   0.673744E+00   0.286569E-01   0.157054E-03   0.287312E-01   0.287312E-01
   0.678629E+00   0.285988E-01   0.157513E-03   0.284803E-01   0.284803E-01
   0.683515E+00   0.281353E-01   0.156241E-03   0.282316E-01   0.282316E-01
   0.688401E+00   0.282123E-01   0.154612E-03   0.279849E-01   0.279849E-01
   0.693287E+00   0.280132E-01   0.154775E-03   0.277403E-01   0.277403E-01
   0.698172E+00   0.275639E-01   0.154315E-03   0.274978E-01   0.274978E-01
   0.703058E+00   0.272085E-01   0.151550E-03   0.272573E-01   0.272573E-01
   0.707944E+00   0.271206E-01   0.150745E-03   0.270188E-01   0.270188E-01
   0.712830E+00   0.269140E-01   0.150515E-03   0.267823E-01   0.267823E-01
   0.717715E+00   0.265595E-01   0.150369E-03   0.265478E-01   0.265478E-01
   0.722601E+00   0.261984E-01   0.148931E-03   0.263153E-01   0.263153E-01
   0.727487E+00   0.260521E-01   0.147287E-03   0.260848E-01   0.260848E-01
   0.732372E+00   0.260073E-01   0.147821E-03   0.258562E-01   0.258562E-01
   0.737258E+00   0.256345E-01   0.145928E-03   0.256296E-01   0.256296E-01
   0.742144E+00   0.251377E-01   0.144843E-03   0.254049E-01   0.254049E-01
   0.747030E+00   0.250029E-01   0.144438E-03   0.251821E-01   0.251821E-01
   0.751915E+00   0.249826E-01   0.144575E-03   0.249612E-01   0.249612E-01
   0.756801E+00   0.246093E-01   0.143178E-03   0.247422E-01   0.247422E-01
   0.761687E+00   0.242795E-01   0.141474E-03   0.245251E-01   0.245251E-01
   0.766572E+00   0.242195E-01   0.141303E-03   0.243099E-01   0.243099E-01
   0.771458E+00   0.238661E-01   0.141508E-03   0.240965E-01   0.240965E-01
   0.776344E+00   0.242064E-01   0.139916E-03   0.238850E-01   0.238850E-01
   0.781230E+00   0.237034E-01   0.138877E-03   0.236753E-01   0.236753E-01
   0.786115E+00   0.235476E-01   0.139056E-03   0.234675E-01   0.234675E-01
   0.791001E+00   0.231414E-01   0.138932E-03   0.232614E-01   0.232614E-01
   0.795887E+00   0.227343E-01   0.136397E-03   0.230573E-01   0.230573E-01
   0.800772E+00   0.226471E-01   0.135548E-03   0.228549E-01   0.228549E-01
   0.805658E+00   0.228354E-01   0.136410E-03   0.226543E-01   0.226543E-01
   0.810544E+00   0.221338E-01   0.134935E-03   0.224556E-01   0.224556E-01
   0.815430E+00   0.223044E-01   0.134835E-03   0.222586E-01   0.222586E-01
   0.820315E+00   0.219907E-01   0.133078E-03   0.220634E-01   0.220634E-01
   0.825201E+00   0.218864E-01   0.133586E-03   0.218700E-01   0.218700E-01
   0.830087E+00   0.215514E-01   0.131785E-03   0.216784E-01   0.216784E-01
   0.834973E+00   0.215317E-01   0.131676E-03   0.214885E-01   0.214885E-01
   0.839858E+00   0.212945E-01   0.131678E-03   0.213004E-01   0.213004E-01
   0.844744E+00   0.210424E-01   0.131132E-03   0.211141E-01   0.211141E-01
   0.849630E+00   0.208718E-01   0.129940E-03   0.209295E-01   0.209295E-01
   0.854515E+00   0.209123E-01   0.128312E-03   0.207467E-01   0.207467E-01
   0.859401E+00   0.208627E-01   0.129604E-03   0.205656E-01   0.205656E-01
   0.864287E+00   0.202511E-01   0.128247E-03   0.203862E-01   0.203862E-01
   0.869173E+00   0.205730E-01   0.127465E-03   0.202086E-01   0.202086E-01
   0.874058E+00   0.199773E-01   0.126869E-03   0.200326E-01   0.200326E-01
   0.878944E+00   0.199846E-01   0.126861E-03   0.198584E-01   0.198584E-01
   0.883830E+00   0.197651E-01   0.125610E-03   0.196859E-01   0.196859E-01
   0.888715E+00   0.195577E-01   0.124815E-03   0.195151E-01   0.195151E-01
   0.893601E+00   0.195573E-01   0.124170E-03   0.193460E-01   0.193460E-01
   0.898487E+00   0.193196E-01   0.124539E-03   0.191786E-01   0.191786E-01
   0.903373E+00   0.189859E-01   0.123010E-03   0.190129E-01   0.190129E-01
   0.908258E+00   0.186966E-01   0.122682E-03   0.188488E-01   0.188488E-01
   0.913144E+00   0.187229E-01   0.121992E-03   0.186864E-01   0.186864E-01
   0.918030E+00   0.186295E-01   0.122596E-03   0.185256E-01   0.185256E-01
   0.922916E+00   0.183087E-01   0.120970E-03   0.183665E-01   0.183665E-01
   0.927801E+00   0.182606E-01   0.119532E-03   0.182091E-01   0.182091E-01
   0.932687E+00   0.181762E-01   0.120881E-03   0.180532E-01   0.180532E-01
   0.937573E+00   0.178559E-01   0.119587E-03   0.178990E-01   0.178990E-01
   0.942458E+00   0.175918E-01   0.118395E-03   0.177464E-01   0.177464E-01
   0.947344E+00   0.175994E-01   0.117959E-03   0.175954E-01   0.175954E-01
   0.952230E+00   0.173537E-01   0.118949E-03   0.174460E-01   0.174460E-01
   0.957116E+00   0.174751E-01   0.117178E-03   0.172981E-01   0.172981E-01
   0.962001E+00   0.171327E-01   0.117020E-03   0.171519E-01   0.171519E-01
   0.966887E+00   0.171283E-01   0.116345E-03   0.170071E-01   0.170071E-01
   0.971773E+00   0.168643E-01   0.116232E-03   0.168639E-01   0.168639E-01
   0.976658E+00   0.166735E-01   0.115461E-03   0.167223E-01   0.167223E-01
   0.981544E+00   0.165671E-01   0.114643E-03   0.165821E-01   0.165821E-01
   0.986430E+00   0.163797E-01   0.114815E-03   0.164435E-01   0.164435E-01
   0.991316E+00   0.163420E-01   0.114934E-03   0.163064E-01   0.163064E-01
   0.996201E+00   0.162948E-01   0.113765E-03   0.161707E-01   0.161707E-01
   0.100109E+01   0.160695E-01   0.113072E-03   0.160365E-01   0.160365E-01
   0.100597E+01   0.160089E-01   0.113591E-03   0.159037E-01   0.159037E-01
   0.101086E+01   0.158469E-01   0.112794E-03   0.157724E-01   0.157724E-01
   0.101574E+01   0.158378E-01   0.111901E-03   0.156425E-01   0.156425E-01
   0.102063E+01   0.155907E-01   0.112016E-03   0.155140E-01   0.155140E-01
   0.102552E+01   0.156066E-01   0.112087E-03   0.153869E-01   0.153869E-01
   0.103040E+01   0.152677E-01   0.111024E-03   0.152611E-01   0.152611E-01
   0.103529E+01   0.152971E-01   0.110444E-03   0.151368E-01   0.151368E-01
   0.104017E+01   0.149501E-01   0.110510E-03   0.150137E-01   0.150137E-01
   0.104506E+01   0.149430E-01   0.110276E-03   0.148920E-01   0.148920E-01
   0.104994E+01   0.148418E-01   0.109715E-03   0.147716E-01   0.147716E-01
   0.105483E+01   0.146718E-01   0.109266E-03   0.146524E-01   0.146524E-01
   0.105972E+01   0.146530E-01   0.109174E-03   0.145345E-01   0.145345E-01
   0.106460E+01   0.143060E-01   0.108758E-03   0.144179E-01   0.144179E-01
   0.106949E+01   0.142606E-01   0.107920E-03   0.143026E-01   0.143026E-01
   0.107437E+01   0.144506E-01   0.107792E-03   0.141884E-01   0.141884E-01
   0.107926E+01   0.143108E-01   0.109285E-03   0.140755E-01   0.140755E-01
   0.108414E+01   0.139811E-01   0.109692E-03   0.139638E-01   0.139638E-01
   0.108903E+01   0.137523E-01   0.109645E-03   0.138532E-01   0.138532E-01
   0.109392E+01   0.137867E-01   0.109480E-03   0.137437E-01   0.137437E-01
   0.109880E+01   0.136697E-01   0.110207E-03   0.136355E-01   0.136355E-01
   0.110369E+01   0.134994E-01   0.109716E-03   0.135283E-01   0.135283E-01
   0.110857E+01   0.133807E-01   0.109564E-03   0.134222E-01   0.134222E-01
   0.111346E+01   0.134661E-01   0.109978E-03   0.133172E-01   0.133172E-01
   0.111834E+01   0.131159E-01   0.109677E-03   0.132133E-01   0.132133E-01
   0.112323E+01   0.132582E-01   0.109640E-03   0.131105E-01   0.131105E-01
   0.112812E+01   0.130098E-01   0.109127E-03   0.130086E-01   0.130086E-01
   0.113300E+01   0.129241E-01   0.109381E-03   0.129078E-01   0.129078E-01
   0.113789E+01   0.129933E-01   0.109325E-03   0.128080E-01   0.128080E-01
   0.114277E+01   0.125648E-01   0.108756E-03   0.127092E-01   0.127092E-01
   0.114766E+01   0.127181E-01   0.106970E-03   0.126113E-01   0.126113E-01
   0.115254E+01   0.124153E-01   0.106465E-03   0.125144E-01   0.125144E-01
   0.115743E+01   0.121588E-01   0.105663E-03   0.124185E-01   0.124185E-01
   0.116232E+01   0.124061E-01   0.104712E-03   0.123234E-01   0.123234E-01
   0.116720E+01   0.121509E-01   0.104287E-03   0.122293E-01   0.122293E-01
   0.117209E+01   0.120816E-01   0.104801E-03   0.121361E-01   0.121361E-01
   0.117697E+01   0.121471E-01   0.103805E-03   0.120438E-01   0.120438E-01
   0.118186E+01   0.120470E-01   0.103040E-03   0.119523E-01   0.119523E-01
   0.118674E+01   0.118625E-01   0.102837E-03   0.118616E-01   0.118616E-01
   0.119163E+01   0.117667E-01   0.102883E-03   0.117719E-01   0.117719E-01
   0.119652E+01   0.116463E-01   0.101965E-03   0.116829E-01   0.116829E-01
   0.120140E+01   0.114564E-01   0.101566E-03   0.115948E-01   0.115948E-01
   0.120629E+01   0.116020E-01   0.101755E-03   0.115074E-01   0.115074E-01
   0.121117E+01   0.114639E-01   0.101109E-03   0.114209E-01   0.114209E-01
   0.121606E+01   0.113660E-01   0.100345E-03   0.113351E-01   0.113351E-01
   0.122094E+01   0.112290E-01   0.996985E-04   0.112501E-01   0.112501E-01
   0.122583E+01   0.112234E-01   0.100524E-03   0.111659E-01   0.111659E-01
   0.123072E+01   0.110195E-01   0.997499E-04   0.110824E-01   0.110824E-01
   0.123560E+01   0.110268E-01   0.992315E-04   0.109996E-01   0.109996E-01
   0.124049E+01   0.110056E-01   0.985541E-04   0.109176E-01   0.109176E-01
   0.124537E+01   0.107392E-01   0.990025E-04   0.108363E-01   0.108363E-01
   0.125026E+01   0.107843E-01   0.980953E-04   0.107556E-01   0.107556E-01
   0.125514E+01   0.106522E-01   0.974912E-04   0.106757E-01   0.106757E-01
   0.126003E+01   0.105580E-01   0.977392E-04   0.105965E-01   0.105965E-01
   0.126492E+01   0.104256E-01   0.978726E-04   0.105180E-01   0.105180E-01
   0.126980E+01   0.104045E-01   0.968842E-04   0.104401E-01   0.104401E-01
   0.127469E+01   0.102892E-01   0.965184E-04   0.103629E-01   0.103629E-01
   0.127957E+01   0.104008E-01   0.967509E-04   0.102864E-01   0.102864E-01
   0.128446E+01   0.102264E-01   0.962508E-04   0.102105E-01   0.102105E-01
   0.128934E+01   0.103073E-01   0.957276E-04   0.101352E-01   0.101352E-01
   0.129423E+01   0.986213E-02   0.955590E-04   0.100606E-01   0.100606E-01
   0.129912E+01   0.994232E-02   0.955776E-04   0.998667E-02   0.998667E-02
   0.130400E+01   0.984973E-02   0.946408E-04   0.991333E-02   0.991333E-02
   0.130889E+01   0.986079E-02   0.947614E-04   0.984061E-02   0.984061E-02
   0.131377E+01   0.980734E-02   0.961277E-04   0.976852E-02   0.976852E-02
   0.131866E+01   0.973442E-02   0.965654E-04   0.969702E-02   0.969702E-02
   0.132354E+01   0.960928E-02   0.964468E-04   0.962613E-02   0.962613E-02
   0.132843E+01   0.955610E-02   0.963333E-04   0.955586E-02   0.955586E-02
   0.133332E+01   0.950334E-02   0.968387E-04   0.948617E-02   0.948617E-02
   0.133820E+01   0.930515E-02   0.966513E-04   0.941708E-02   0.941708E-02
   0.134309E+01   0.929292E-02   0.963268E-04   0.934857E-02   0.934857E-02
   0.134797E+01   0.917731E-02   0.964879E-04   0.928066E-02   0.928066E-02
   0.135286E+01   0.939658E-02   0.967961E-04   0.921332E-02   0.921332E-02
   0.135774E+01   0.907096E-02   0.961653E-04   0.914656E-02   0.914656E-02
   0.136263E+01   0.899726E-02   0.964445E-04   0.908037E-02   0.908037E-02
   0.136752E+01   0.913004E-02   0.963678E-04   0.901476E-02   0.901476E-02
   0.137240E+01   0.890854E-02   0.966966E-04   0.894970E-02   0.894970E-02
   0.137729E+01   0.888525E-02   0.953775E-04   0.888521E-02   0.888521E-02
   0.138217E+01   0.896126E-02   0.941745E-04   0.882128E-02   0.882128E-02
   0.138706E+01   0.892612E-02   0.938996E-04   0.875791E-02   0.875791E-02
   0.139194E+01   0.874876E-02   0.934233E-04   0.869509E-02   0.869509E-02
   0.139683E+01   0.847604E-02   0.927119E-04   0.863282E-02   0.863282E-02
   0.140172E+01   0.869222E-02   0.922674E-04   0.857111E-02   0.857111E-02
   0.140660E+01   0.836340E-02   0.925424E-04   0.850992E-02   0.850992E-02
   0.141149E+01   0.833978E-02   0.922065E-04   0.844928E-02   0.844928E-02
   0.141637E+01   0.837348E-02   0.912777E-04   0.838917E-02   0.838917E-02
   0.142126E+01   0.835441E-02   0.910823E-04   0.832961E-02   0.832961E-02
   0.142614E+01   0.833011E-02   0.913008E-04   0.827057E-02   0.827057E-02
   0.143103E+01   0.818270E-02   0.905439E-04   0.821206E-02   0.821206E-02
   0.143592E+01   0.812947E-02   0.905060E-04   0.815408E-02   0.815408E-02
   0.144080E+01   0.815795E-02   0.902158E-04   0.809661E-02   0.809661E-02
   0.144569E+01   0.821537E-02   0.901349E-04   0.803967E-02   0.803967E-02
   0.145057E+01   0.805547E-02   0.896656E-04   0.798324E-02   0.798324E-02
   0.145546E+01   0.797184E-02   0.888961E-04   0.792733E-02   0.792733E-02
   0.146035E+01   0.793242E-02   0.890690E-04   0.787191E-02   0.787191E-02
   0.146523E+01   0.780244E-02   0.892677E-04   0.781700E-02   0.781700E-02
   0.147012E+01   0.781548E-02   0.882919E-04   0.776259E-02   0.776259E-02
   0.147500E+01   0.777349E-02   0.881204E-04   0.770869E-02   0.770869E-02
   0.147989E+01   0.762359E-02   0.882655E-04   0.765528E-02   0.765528E-02
   0.148477E+01   0.785850E-02   0.879322E-04   0.760235E-02   0.760235E-02
   0.148966E+01   0.758328E-02   0.874948E-04   0.754992E-02   0.754992E-02
   0.149455E+01   0.741824E-02   0.873048E-04   0.749796E-02   0.749796E-02
   0.149943E+01   0.742824E-02   0.876084E-04   0.744647E-02   0.744647E-02
   0.150432E+01   0.737124E-02   0.868063E-04   0.739546E-02   0.739546E-02
   0.150920E+01   0.752370E-02   0.863763E-04   0.734493E-02   0.734493E-02
   0.151409E+01   0.724719E-02   0.864764E-04   0.729486E-02   0.729486E-02
   0.151897E+01   0.733131E-02   0.865726E-04   0.724525E-02   0.724525E-02
   0.152386E+01   0.720646E-02   0.860490E-04   0.719610E-02   0.719610E-02
   0.152875E+01   0.717329E-02   0.855033E-04   0.714740E-02   0.714740E-02
   0.153363E+01   0.698668E-02   0.856584E-04   0.709914E-02   0.709914E-02
   0.153852E+01   0.702873E-02   0.855706E-04   0.705133E-02   0.705133E-02
   0.154340E+01   0.705995E-02   0.848553E-04   0.700397E-02   0.700397E-02
   0.154829E+01   0.700535E-02   0.847416E-04   0.695703E-02   0.695703E-02
   0.155317E+01   0.695482E-02   0.854356E-04   0.691052E-02   0.691052E-02
   0.155806E+01   0.688158E-02   0.847437E-04   0.686444E-02   0.686444E-02
   0.156295E+01   0.686330E-02   0.841205E-04   0.681879E-02   0.681879E-02
   0.156783E+01   0.679298E-02   0.841834E-04   0.677354E-02   0.677354E-02
   0.157272E+01   0.682335E-02   0.844304E-04   0.672871E-02   0.672871E-02
   0.157760E+01   0.680692E-02   0.837046E-04   0.668429E-02   0.668429E-02
   0.158249E+01   0.673914E-02   0.835648E-04   0.664026E-02   0.664026E-02
   0.158737E+01   0.657749E-02   0.835646E-04   0.659663E-02   0.659663E-02
   0.159226E+01   0.648121E-02   0.835685E-04   0.655339E-02   0.655339E-02
   0.159715E+01   0.653670E-02   0.827392E-04   0.651055E-02   0.651055E-02
   0.160203E+01   0.642515E-02   0.828701E-04   0.646808E-02   0.646808E-02
   0.160692E+01   0.651911E-02   0.833953E-04   0.642599E-02   0.642599E-02
   0.161180E+01   0.641265E-02   0.841599E-04   0.638428E-02   0.638428E-02
   0.161669E+01   0.633030E-02   0.843425E-04   0.634294E-02   0.634294E-02
   0.162157E+01   0.636518E-02   0.842524E-04   0.630196E-02   0.630196E-02
   0.162646E+01   0.622938E-02   0.846083E-04   0.626133E-02   0.626133E-02
   0.163135E+01   0.604420E-02   0.838984E-04   0.622108E-02   0.622108E-02
   0.163623E+01   0.602855E-02   0.829821E-04   0.618116E-02   0.618116E-02
   0.164112E+01   0.610628E-02   0.826360E-04   0.614159E-02   0.614159E-02
   0.164600E+01   0.623104E-02   0.829778E-04   0.610236E-02   0.610236E-02
   0.165089E+01   0.613797E-02   0.819883E-04   0.606348E-02   0.606348E-02
   0.165577E+01   0.591693E-02   0.816162E-04   0.602492E-02   0.602492E-02
   0.166066E+01   0.597550E-02   0.818144E-04   0.598671E-02   0.598671E-02
   0.166555E+01   0.598046E-02   0.818021E-04   0.594880E-02   0.594880E-02
   0.167043E+01   0.594989E-02   0.810556E-04   0.591123E-02   0.591123E-02
   0.167532E+01   0.579371E-02   0.812625E-04   0.587397E-02   0.587397E-02
   0.168020E+01   0.586860E-02   0.810011E-04   0.583702E-02   0.583702E-02
   0.168509E+01   0.589916E-02   0.807952E-04   0.580039E-02   0.580039E-02
   0.168997E+01   0.576777E-02   0.801553E-04   0.576407E-02   0.576407E-02
   0.169486E+01   0.558254E-02   0.799008E-04   0.572804E-02   0.572804E-02
   0.169975E+01   0.560625E-02   0.798708E-04   0.569232E-02   0.569232E-02
   0.170463E+01   0.560883E-02   0.797781E-04   0.565690E-02   0.565690E-02
   0.170952E+01   0.570278E-02   0.794394E-04   0.562177E-02   0.562177E-02
   0.171440E+01   0.555585E-02   0.795343E-04   0.558692E-02   0.558692E-02
   0.171929E+01   0.555975E-02   0.795962E-04   0.555238E-02   0.555238E-02
   0.172417E+01   0.545598E-02   0.792513E-04   0.551811E-02   0.551811E-02
   0.172906E+01   0.542553E-02   0.786828E-04   0.548412E-02   0.548412E-02
   0.173395E+01   0.545823E-02   0.791451E-04   0.545042E-02   0.545042E-02
   0.173883E+01   0.541809E-02   0.788412E-04   0.541699E-02   0.541699E-02
   0.174372E+01   0.532084E-02   0.782684E-04   0.538384E-02   0.538384E-02
   0.174860E+01   0.524875E-02   0.783410E-04   0.535096E-02   0.535096E-02
   0.175349E+01   0.520818E-02   0.784909E-04   0.531835E-02   0.531835E-02
   0.175837E+01   0.537788E-02   0.780485E-04   0.528600E-02   0.528600E-02
   0.176326E+01   0.522390E-02   0.779807E-04   0.525392E-02   0.525392E-02
   0.176815E+01   0.515981E-02   0.778543E-04   0.522213E-02   0.522213E-02
   0.177303E+01   0.514494E-02   0.779496E-04   0.519055E-02   0.519055E-02
   0.177792E+01   0.504407E-02   0.772368E-04   0.515926E-02   0.515926E-02
   0.178280E+01   0.492693E-02   0.770426E-04   0.512823E-02   0.512823E-02
   0.178769E+01   0.518493E-02   0.771598E-04   0.509745E-02   0.509745E-02
   0.179257E+01   0.509269E-02   0.772260E-04   0.506692E-02   0.506692E-02
   0.179746E+01   0.517530E-02   0.770190E-04   0.503665E-02   0.503665E-02
   0.180235E+01   0.503909E-02   0.764971E-04   0.500662E-02   0.500662E-02
   0.180723E+01   0.487323E-02   0.767072E-04   0.497686E-02   0.497686E-02
   0.181212E+01   0.499202E-02   0.767261E-04   0.494733E-02   0.494733E-02
   0.181700E+01   0.496184E-02   0.763165E-04   0.491805E-02   0.491805E-02
   0.182189E+01   0.490931E-02   0.759091E-04   0.488901E-02   0.488901E-02
   0.182677E+01   0.490740E-02   0.762357E-04   0.486022E-02   0.486022E-02
   0.183166E+01   0.488167E-02   0.760092E-04   0.483167E-02   0.483167E-02
   0.183655E+01   0.476467E-02   0.755095E-04   0.480336E-02   0.480336E-02
   0.184143E+01   0.485043E-02   0.755837E-04   0.477529E-02   0.477529E-02
   0.184632E+01   0.465235E-02   0.756411E-04   0.474746E-02   0.474746E-02
   0.185120E+01   0.473483E-02   0.752985E-04   0.471986E-02   0.471986E-02
   0.185609E+01   0.469703E-02   0.750523E-04   0.469249E-02   0.469249E-02
   0.186097E+01   0.462213E-02   0.751854E-04   0.466537E-02   0.466537E-02
   0.186586E+01   0.468336E-02   0.750092E-04   0.463847E-02   0.463847E-02
   0.187075E+01   0.454649E-02   0.747282E-04   0.461180E-02   0.461180E-02
   0.187563E+01   0.458964E-02   0.745485E-04   0.458536E-02   0.458536E-02
   0.188052E+01   0.451185E-02   0.749437E-04   0.455915E-02   0.455915E-02
   0.188540E+01   0.454999E-02   0.745204E-04   0.453317E-02   0.453317E-02
   0.189029E+01   0.457717E-02   0.743806E-04   0.450741E-02   0.450741E-02
   0.189517E+01   0.439090E-02   0.745067E-04   0.448188E-02   0.448188E-02
   0.190006E+01   0.446299E-02   0.752898E-04   0.445656E-02   0.445656E-02
   0.190495E+01   0.440319E-02   0.755044E-04   0.443146E-02   0.443146E-02
   0.190983E+01   0.440615E-02   0.751690E-04   0.440659E-02   0.440659E-02
   0.191472E+01   0.446223E-02   0.757903E-04   0.438193E-02   0.438193E-02
   0.191960E+01   0.436127E-02   0.757643E-04   0.435748E-02   0.435748E-02
   0.192449E+01   0.446738E-02   0.756061E-04   0.433324E-02   0.433324E-02
   0.192937E+01   0.428127E-02   0.754980E-04   0.430922E-02   0.430922E-02
   0.193426E+01   0.437635E-02   0.758751E-04   0.428540E-02   0.428540E-02
   0.193915E+01   0.425691E-02   0.758051E-04   0.426180E-02   0.426180E-02
   0.194403E+01   0.436235E-02   0.757543E-04   0.423839E-02   0.423839E-02
   0.194892E+01   0.417227E-02   0.755461E-04   0.421519E-02   0.421519E-02
   0.195380E+01   0.419140E-02   0.758713E-04   0.419219E-02   0.419219E-02
   0.195869E+01   0.410859E-02   0.755939E-04   0.416939E-02   0.416939E-02
   0.196358E+01   0.411933E-02   0.747275E-04   0.414678E-02   0.414678E-02
   0.196846E+01   0.423883E-02   0.743533E-04   0.412437E-02   0.412437E-02
   0.197335E+01   0.410053E-02   0.742861E-04   0.410215E-02   0.410215E-02
   0.197823E+01   0.406354E-02   0.739826E-04   0.408011E-02   0.408011E-02
   0.198312E+01   0.413942E-02   0.736444E-04   0.405827E-02   0.405827E-02
   0.198800E+01   0.396852E-02   0.735585E-04   0.403660E-02   0.403660E-02
   0.199289E+01   0.398272E-02   0.735156E-04   0.401514E-02   0.401514E-02
   0.199778E+01   0.397232E-02   0.731440E-04   0.399382E-02   0.399382E-02
   0.200266E+01   0.402168E-02   0.730172E-04   0.397270E-02   0.397270E-02
   0.200755E+01   0.398687E-02   0.732594E-04   0.395175E-02   0.395175E-02
   0.201243E+01   0.395917E-02   0.727650E-04   0.393096E-02   0.393096E-02
   0.201732E+01   0.392934E-02   0.725572E-04   0.391035E-02   0.391035E-02
   0.202220E+01   0.388996E-02   0.723803E-04   0.388991E-02   0.388991E-02
   0.202709E+01   0.388994E-02   0.725447E-04   0.386962E-02   0.386962E-02
   0.203198E+01   0.387861E-02   0.720168E-04   0.384949E-02   0.384949E-02
   0.203686E+01   0.378073E-02   0.718633E-04   0.382953E-02   0.382953E-02
   0.204175E+01   0.382420E-02   0.722287E-04   0.380972E-02   0.380972E-02
   0.204663E+01   0.376398E-02   0.719127E-04   0.379005E-02   0.379005E-02
   0.205152E+01   0.383606E-02   0.715304E-04   0.377054E-02   0.377054E-02
   0.205640E+01   0.379226E-02   0.713057E-04   0.375118E-02   0.375118E-02
   0.206129E+01   0.369020E-02   0.715108E-04   0.373195E-02   0.373195E-02
   0.206617E+01   0.373982E-02   0.714945E-04   0.371287E-02   0.371287E-02
   0.207106E+01   0.372269E-02   0.714696E-04   0.369393E-02   0.369393E-02
   0.207595E+01   0.373198E-02   0.712172E-04   0.367512E-02   0.367512E-02
   0.208083E+01   0.367648E-02   0.712713E-04   0.365644E-02   0.365644E-02
   0.208572E+01   0.372799E-02   0.707234E-04   0.363789E-02   0.363789E-02
   0.209060E+01   0.354381E-02   0.704372E-04   0.361947E-02   0.361947E-02
   0.209549E+01   0.364553E-02   0.706670E-04   0.360118E-02   0.360118E-02
   0.210038E+01   0.352501E-02   0.706382E-04   0.358301E-02   0.358301E-02
   0.210526E+01   0.346344E-02   0.702827E-04   0.356494E-02   0.356494E-02
   0.211015E+01   0.350903E-02   0.699634E-04   0.354701E-02   0.354701E-02
   0.211503E+01   0.356682E-02   0.700809E-04   0.352919E-02   0.352919E-02
   0.211992E+01   0.351753E-02   0.699883E-04   0.351148E-02   0.351148E-02
   0.212480E+01   0.356406E-02   0.700687E-04   0.349388E-02   0.349388E-02
   0.212969E+01   0.336906E-02   0.705797E-04   0.347639E-02   0.347639E-02
   0.213457E+01   0.345141E-02   0.709748E-04   0.345900E-02   0.345900E-02
   0.213946E+01   0.340080E-02   0.708444E-04   0.344172E-02   0.344172E-02
   0.214435E+01   0.341570E-02   0.713198E-04   0.342454E-02   0.342454E-02
   0.214923E+01   0.340703E-02   0.709858E-04   0.340746E-02   0.340746E-02
   0.215412E+01   0.350161E-02   0.715746E-04   0.339047E-02   0.339047E-02
   0.215900E+01   0.341607E-02   0.712272E-04   0.337359E-02   0.337359E-02
   0.216389E+01   0.327703E-02   0.712796E-04   0.335679E-02   0.335679E-02
   0.216878E+01   0.330833E-02   0.714553E-04   0.334010E-02   0.334010E-02
   0.217366E+01   0.324737E-02   0.714315E-04   0.332349E-02   0.332349E-02
   0.217855E+01   0.338625E-02   0.720000E-04   0.330697E-02   0.330697E-02
   0.218343E+01   0.317197E-02   0.725803E-04   0.329054E-02   0.329054E-02
   0.218832E+01   0.321327E-02   0.733895E-04   0.327420E-02   0.327420E-02
   0.219320E+01   0.321187E-02   0.733982E-04   0.325794E-02   0.325794E-02
   0.219809E+01   0.312511E-02   0.731744E-04   0.324178E-02   0.324178E-02
   0.220297E+01   0.322278E-02   0.735963E-04   0.322569E-02   0.322569E-02
   0.220786E+01   0.329405E-02   0.738589E-04   0.320969E-02   0.320969E-02
   0.221275E+01   0.317855E-02   0.738739E-04   0.319377E-02   0.319377E-02
   0.221763E+01   0.322649E-02   0.741962E-04   0.317794E-02   0.317794E-02
   0.222252E+01   0.316912E-02   0.745402E-04   0.316219E-02   0.316219E-02
   0.222740E+01   0.329018E-02   0.746917E-04   0.314651E-02   0.314651E-02
   0.223229E+01   0.304138E-02   0.743946E-04   0.313092E-02   0.313092E-02
   0.223718E+01   0.310353E-02   0.747315E-04   0.311541E-02   0.311541E-02
   0.224206E+01   0.313649E-02   0.746840E-04   0.309998E-02   0.309998E-02
   0.224695E+01   0.308294E-02   0.752092E-04   0.308463E-02   0.308463E-02
   0.225183E+01   0.303527E-02   0.748425E-04   0.306936E-02   0.306936E-02
   0.225672E+01   0.300400E-02   0.751282E-04   0.305416E-02   0.305416E-02
   0.226160E+01   0.305180E-02   0.754513E-04   0.303905E-02   0.303905E-02
   0.226649E+01   0.318021E-02   0.751811E-04   0.302403E-02   0.302403E-02
   0.227137E+01   0.305312E-02   0.752410E-04   0.300907E-02   0.300907E-02
   0.227626E+01   0.306471E-02   0.757400E-04   0.299420E-02   0.299420E-02
   0.228115E+01   0.279219E-02   0.763025E-04   0.297941E-02   0.297941E-02
   0.228603E+01   0.294057E-02   0.754979E-04   0.296470E-02   0.296470E-02
   0.229092E+01   0.298512E-02   0.757519E-04   0.295007E-02   0.295007E-02
   0.229580E+01   0.287308E-02   0.759854E-04   0.293552E-02   0.293552E-02
   0.230069E+01   0.282732E-02   0.760542E-04   0.292106E-02   0.292106E-02
   0.230558E+01   0.293430E-02   0.761366E-04   0.290668E-02   0.290668E-02
   0.231046E+01   0.287156E-02   0.765447E-04   0.289238E-02   0.289238E-02
   0.231535E+01   0.309581E-02   0.766240E-04   0.287816E-02   0.287816E-02
   0.232023E+01   0.282136E-02   0.762369E-04   0.286403E-02   0.286403E-02
   0.232512E+01   0.284154E-02   0.760950E-04   0.284999E-02   0.284999E-02
   0.233000E+01   0.277193E-02   0.766391E-04   0.283602E-02   0.283602E-02
   0.233489E+01   0.277745E-02   0.772527E-04   0.282215E-02   0.282215E-02
   0.233977E+01   0.276636E-02   0.765072E-04   0.280836E-02   0.280836E-02
   0.234466E+01   0.276417E-02   0.771032E-04   0.279466E-02   0.279466E-02
   0.234955E+01   0.295201E-02   0.772086E-04   0.278104E-02   0.278104E-02
   0.235443E+01   0.282001E-02   0.775812E-04   0.276752E-02   0.276752E-02
   0.235932E+01   0.278850E-02   0.770470E-04   0.275409E-02   0.275409E-02
   0.236420E+01   0.271638E-02   0.777702E-04   0.274074E-02   0.274074E-02
   0.236909E+01   0.276700E-02   0.781293E-04   0.272748E-02   0.272748E-02
   0.237398E+01   0.278651E-02   0.779740E-04   0.271432E-02   0.271432E-02
   0.237886E+01   0.278453E-02   0.774679E-04   0.270124E-02   0.270124E-02
   0.238375E+01   0.254149E-02   0.783219E-04   0.268826E-02   0.268826E-02
   0.238863E+01   0.267708E-02   0.785574E-04   0.267537E-02   0.267537E-02
   0.239352E+01   0.255868E-02   0.780553E-04   0.266258E-02   0.266258E-02
   0.239840E+01   0.269121E-02   0.784971E-04   0.264987E-02   0.264987E-02
   0.240329E+01   0.272831E-02   0.788854E-04   0.263726E-02   0.263726E-02
   0.240817E+01   0.264029E-02   0.790830E-04   0.262475E-02   0.262475E-02
   0.241306E+01   0.253372E-02   0.783919E-04   0.261233E-02   0.261233E-02
   0.241795E+01   0.271450E-02   0.791139E-04   0.260000E-02   0.260000E-02
   0.242283E+01   0.254255E-02   0.794506E-04   0.258776E-02   0.258776E-02
   0.242772E+01   0.257488E-02   0.793422E-04   0.257562E-02   0.257562E-02
   0.243260E+01   0.252496E-02   0.786982E-04   0.256358E-02   0.256358E-02
   0.243749E+01   0.242779E-02   0.789239E-04   0.255163E-02   0.255163E-02
   0.244238E+01   0.250647E-02   0.793944E-04   0.253978E-02   0.253978E-02
   0.244726E+01   0.251506E-02   0.792539E-04   0.252802E-02   0.252802E-02
   0.245215E+01   0.259808E-02   0.790958E-04   0.251635E-02   0.251635E-02
   0.245703E+01   0.269932E-02   0.796428E-04   0.250478E-02   0.250478E-02
   0.246192E+01   0.244201E-02   0.798907E-04   0.249330E-02   0.249330E-02
   0.246680E+01   0.245267E-02   0.792064E-04   0.248192E-02   0.248192E-02
   0.247169E+01   0.262864E-02   0.794922E-04   0.247063E-02   0.247063E-02
   0.247657E+01   0.247110E-02   0.799893E-04   0.245943E-02   0.245943E-02
   0.248146E+01   0.240082E-02   0.797735E-04   0.244832E-02   0.244832E-02
   0.248635E+01   0.247512E-02   0.797781E-04   0.243731E-02   0.243731E-02
   0.249123E+01   0.241483E-02   0.800715E-04   0.242638E-02   0.242638E-02
   0.249612E+01   0.230324E-02   0.802139E-04   0.241556E-02   0.241556E-02
   0.250100E+01   0.236120E-02   0.801023E-04   0.240481E-02   0.240481E-02
   0.250589E+01   0.254445E-02   0.799309E-04   0.239416E-02   0.239416E-02
   0.251078E+01   0.246002E-02   0.803661E-04   0.238360E-02   0.238360E-02
   0.251566E+01   0.232046E-02   0.802776E-04   0.237312E-02   0.237312E-02
   0.252055E+01   0.230152E-02   0.801484E-04   0.236273E-02   0.236273E-02
   0.252543E+01   0.239347E-02   0.804175E-04   0.235243E-02   0.235243E-02
   0.253032E+01   0.239645E-02   0.810239E-04   0.234221E-02   0.234221E-02
   0.253520E+01   0.221980E-02   0.828306E-04   0.233208E-02   0.233208E-02
   0.254009E+01   0.247139E-02   0.828772E-04   0.232202E-02   0.232202E-02
   0.254498E+01   0.204204E-02   0.838433E-04   0.231205E-02   0.231205E-02
   0.254986E+01   0.229604E-02   0.844643E-04   0.230217E-02   0.230217E-02
   0.255475E+01   0.232993E-02   0.841566E-04   0.229236E-02   0.229236E-02
   0.255963E+01   0.228777E-02   0.838152E-04   0.228263E-02   0.228263E-02
   0.256452E+01   0.226653E-02   0.843676E-04   0.227298E-02   0.227298E-02
   0.256940E+01   0.229751E-02   0.848566E-04   0.226341E-02   0.226341E-02
   0.257429E+01   0.218044E-02   0.846945E-04   0.225391E-02   0.225391E-02
   0.257918E+01   0.231087E-02   0.849690E-04   0.224448E-02   0.224448E-02
   0.258406E+01   0.217840E-02   0.855215E-04   0.223513E-02   0.223513E-02
   0.258895E+01   0.198399E-02   0.851213E-04   0.222585E-02   0.222585E-02
   0.259383E+01   0.212789E-02   0.846612E-04   0.221664E-02   0.221664E-02
   0.259872E+01   0.213811E-02   0.848147E-04   0.220750E-02   0.220750E-02
   0.260360E+01   0.221002E-02   0.851217E-04   0.219843E-02   0.219843E-02
   0.260849E+01   0.214002E-02   0.852112E-04   0.218943E-02   0.218943E-02
   0.261338E+01   0.210955E-02   0.844823E-04   0.218049E-02   0.218049E-02
   0.261826E+01   0.194505E-02   0.849798E-04   0.217162E-02   0.217162E-02
   0.262315E+01   0.199653E-02   0.846810E-04   0.216281E-02   0.216281E-02
   0.262803E+01   0.213998E-02   0.848373E-04   0.215406E-02   0.215406E-02
   0.263292E+01   0.208127E-02   0.845652E-04   0.214537E-02   0.214537E-02
   0.263780E+01   0.206421E-02   0.847582E-04   0.213675E-02   0.213675E-02
   0.264269E+01   0.210435E-02   0.850580E-04   0.212819E-02   0.212819E-02
   0.264758E+01   0.201346E-02   0.843370E-04   0.211968E-02   0.211968E-02
   0.265246E+01   0.224051E-02   0.846345E-04   0.211125E-02   0.211125E-02
   0.265735E+01   0.213641E-02   0.846617E-04   0.210285E-02   0.210285E-02
   0.266223E+01   0.212144E-02   0.846613E-04   0.209451E-02   0.209451E-02
   0.266712E+01   0.207550E-02   0.840110E-04   0.208622E-02   0.208622E-02
   0.267200E+01   0.204701E-02   0.846556E-04   0.207800E-02   0.207800E-02
   0.267689E+01   0.218784E-02   0.848049E-04   0.206982E-02   0.206982E-02
   0.268178E+01   0.210124E-02   0.839721E-04   0.206170E-02   0.206170E-02
   0.268666E+01   0.213941E-02   0.837656E-04   0.205363E-02   0.205363E-02
   0.269155E+01   0.193840E-02   0.843363E-04   0.204561E-02   0.204561E-02
   0.269643E+01   0.207358E-02   0.845302E-04   0.203764E-02   0.203764E-02
   0.270132E+01   0.212275E-02   0.839360E-04   0.202972E-02   0.202972E-02
   0.270620E+01   0.207621E-02   0.838726E-04   0.202185E-02   0.202185E-02
   0.271109E+01   0.195930E-02   0.851317E-04   0.201403E-02   0.201403E-02
   0.271598E+01   0.203004E-02   0.861474E-04   0.200625E-02   0.200625E-02
   0.272086E+01   0.191330E-02   0.863622E-04   0.199853E-02   0.199853E-02
   0.272575E+01   0.186130E-02   0.867194E-04   0.199085E-02   0.199085E-02
   0.273063E+01   0.204645E-02   0.875482E-04   0.198321E-02   0.198321E-02
   0.273552E+01   0.200777E-02   0.880362E-04   0.197562E-02   0.197562E-02
   0.274040E+01   0.203680E-02   0.877503E-04   0.196808E-02   0.196808E-02
   0.274529E+01   0.185728E-02   0.887719E-04   0.196058E-02   0.196058E-02
   0.275018E+01   0.197254E-02   0.890153E-04   0.195313E-02   0.195313E-02
   0.275506E+01   0.187180E-02   0.886326E-04   0.194572E-02   0.194572E-02
   0.275995E+01   0.192185E-02   0.891625E-04   0.193836E-02   0.193836E-02
   0.276483E+01   0.182217E-02   0.898578E-04   0.193104E-02   0.193104E-02
   0.276972E+01   0.189316E-02   0.900634E-04   0.192377E-02   0.192377E-02
   0.277461E+01   0.187789E-02   0.892117E-04   0.191654E-02   0.191654E-02
   0.277949E+01   0.193378E-02   0.882125E-04   0.190936E-02   0.190936E-02
   0.278438E+01   0.176646E-02   0.876582E-04   0.190222E-02   0.190222E-02
   0.278926E+01   0.189432E-02   0.875108E-04   0.189512E-02   0.189512E-02
   0.279415E+01   0.196824E-02   0.868753E-04   0.188807E-02   0.188807E-02
   0.279903E+01   0.189959E-02   0.870692E-04   0.188106E-02   0.188106E-02
   0.280392E+01   0.194470E-02   0.866905E-04   0.187409E-02   0.187409E-02
   0.280880E+01   0.181415E-02   0.861215E-04   0.186717E-02   0.186717E-02
   0.281369E+01   0.182886E-02   0.858530E-04   0.186029E-02   0.186029E-02
   0.281858E+01   0.176410E-02   0.859789E-04   0.185346E-02   0.185346E-02
   0.282346E+01   0.171779E-02   0.863616E-04   0.184667E-02   0.184667E-02
   0.282835E+01   0.182430E-02   0.851798E-04   0.183993E-02   0.183993E-02
   0.283323E+01   0.196484E-02   0.853297E-04   0.183323E-02   0.183323E-02
   0.283812E+01   0.197248E-02   0.859132E-04   0.182657E-02   0.182657E-02
   0.284300E+01   0.182629E-02   0.854010E-04   0.181995E-02   0.181995E-02
   0.284789E+01   0.179953E-02   0.846016E-04   0.181339E-02   0.181339E-02
   0.285278E+01   0.169965E-02   0.852598E-04   0.180686E-02   0.180686E-02
   0.285766E+01   0.169616E-02   0.854041E-04   0.180038E-02   0.180038E-02
   0.286255E+01   0.169937E-02   0.848848E-04   0.179394E-02   0.179394E-02
   0.286743E+01   0.184451E-02   0.841668E-04   0.178755E-02   0.178755E-02
   0.287232E+01   0.173382E-02   0.850725E-04   0.178120E-02   0.178120E-02
   0.287721E+01   0.176907E-02   0.845296E-04   0.177490E-02   0.177490E-02
   0.288209E+01   0.174990E-02   0.843270E-04   0.176864E-02   0.176864E-02
   0.288698E+01   0.177556E-02   0.843991E-04   0.176242E-02   0.176242E-02
   0.289186E+01   0.166617E-02   0.844496E-04   0.175625E-02   0.175625E-02
   0.289675E+01   0.173064E-02   0.846993E-04   0.175012E-02   0.175012E-02
   0.290163E+01   0.168658E-02   0.833365E-04   0.174404E-02   0.174404E-02
   0.290652E+01   0.174388E-02   0.839853E-04   0.173800E-02   0.173800E-02
   0.291140E+01   0.161614E-02   0.841192E-04   0.173200E-02   0.173200E-02
   0.291629E+01   0.170078E-02   0.836648E-04   0.172604E-02   0.172604E-02
   0.292118E+01   0.182674E-02   0.834619E-04   0.172013E-02   0.172013E-02
   0.292606E+01   0.182472E-02   0.835552E-04   0.171426E-02   0.171426E-02

           ####      Real Space Data                               ####

           Distance distribution  function of particle  


      R          P(R)      ERROR

  0.0000E+00  0.0000E+00  0.0000E+00
  0.6884E-01  0.7990E-04  0.4696E-06
  0.1377E+00  0.1580E-03  0.8214E-06
  0.2065E+00  0.2344E-03  0.1060E-05
  0.2753E+00  0.3088E-03  0.1193E-05
  0.3442E+00  0.3813E-03  0.1230E-05
  0.4130E+00  0.4518E-03  0.1184E-05
  0.4819E+00  0.5200E-03  0.1072E-05
  0.5507E+00  0.5859E-03  0.9143E-06
  0.6195E+00  0.6494E-03  0.7444E-06
  0.6884E+00  0.7101E-03  0.6159E-06
  0.7572E+00  0.7681E-03  0.6027E-06
  0.8260E+00  0.8231E-03  0.7247E-06
  0.8949E+00  0.8750E-03  0.9230E-06
  0.9637E+00  0.9236E-03  0.1141E-05
  0.1033E+01  0.9688E-03  0.1348E-05
  0.1101E+01  0.1010E-02  0.1525E-05
  0.1170E+01  0.1049E-02  0.1664E-05
  0.1239E+01  0.1083E-02  0.1758E-05
  0.1308E+01  0.1114E-02  0.1807E-05
  0.1377E+01  0.1141E-02  0.1812E-05
  0.1446E+01  0.1164E-02  0.1781E-05
  0.1514E+01  0.1184E-02  0.1723E-05
  0.1583E+01  0.1200E-02  0.1650E-05
  0.1652E+01  0.1213E-02  0.1577E-05
  0.1721E+01  0.1222E-02  0.1523E-05
  0.1790E+01  0.1228E-02  0.1500E-05
  0.1859E+01  0.1231E-02  0.1515E-05
  0.1927E+01  0.1232E-02  0.1567E-05
  0.1996E+01  0.1229E-02  0.1645E-05
  0.2065E+01  0.1224E-02  0.1734E-05
  0.2134E+01  0.1218E-02  0.1819E-05
  0.2203E+01  0.1209E-02  0.1887E-05
  0.2272E+01  0.1198E-02  0.1931E-05
  0.2340E+01  0.1186E-02  0.1944E-05
  0.2409E+01  0.1172E-02  0.1927E-05
  0.2478E+01  0.1157E-02  0.1881E-05
  0.2547E+01  0.1142E-02  0.1814E-05
  0.2616E+01  0.1125E-02  0.1739E-05
  0.2685E+01  0.1108E-02  0.1670E-05
  0.2753E+01  0.1091E-02  0.1627E-05
  0.2822E+01  0.1073E-02  0.1626E-05
  0.2891E+01  0.1055E-02  0.1675E-05
  0.2960E+01  0.1037E-02  0.1775E-05
  0.3029E+01  0.1019E-02  0.1913E-05
  0.3098E+01  0.1000E-02  0.2072E-05
  0.3166E+01  0.9818E-03  0.2237E-05
  0.3235E+01  0.9635E-03  0.2391E-05
  0.3304E+01  0.9451E-03  0.2524E-05
  0.3373E+01  0.9268E-03  0.2626E-05
  0.3442E+01  0.9085E-03  0.2693E-05
  0.3511E+01  0.8902E-03  0.2721E-05
  0.3579E+01  0.8720E-03  0.2711E-05
  0.3648E+01  0.8537E-03  0.2667E-05
  0.3717E+01  0.8354E-03  0.2596E-05
  0.3786E+01  0.8171E-03  0.2508E-05
  0.3855E+01  0.7988E-03  0.2415E-05
  0.3924E+01  0.7804E-03  0.2333E-05
  0.3992E+01  0.7620E-03  0.2276E-05
  0.4061E+01  0.7437E-03  0.2255E-05
  0.4130E+01  0.7254E-03  0.2278E-05
  0.4199E+01  0.7071E-03  0.2343E-05
  0.4268E+01  0.6889E-03  0.2443E-05
  0.4337E+01  0.6708E-03  0.2564E-05
  0.4406E+01  0.6529E-03  0.2694E-05
  0.4474E+01  0.6353E-03  0.2820E-05
  0.4543E+01  0.6178E-03  0.2933E-05
  0.4612E+01  0.6007E-03  0.3024E-05
  0.4681E+01  0.5839E-03  0.3089E-05
  0.4750E+01  0.5675E-03  0.3127E-05
  0.4819E+01  0.5516E-03  0.3137E-05
  0.4887E+01  0.5360E-03  0.3123E-05
  0.4956E+01  0.5210E-03  0.3090E-05
  0.5025E+01  0.5065E-03  0.3044E-05
  0.5094E+01  0.4925E-03  0.2992E-05
  0.5163E+01  0.4790E-03  0.2941E-05
  0.5232E+01  0.4660E-03  0.2899E-05
  0.5300E+01  0.4535E-03  0.2871E-05
  0.5369E+01  0.4415E-03  0.2861E-05
  0.5438E+01  0.4299E-03  0.2869E-05
  0.5507E+01  0.4188E-03  0.2895E-05
  0.5576E+01  0.4081E-03  0.2936E-05
  0.5645E+01  0.3978E-03  0.2988E-05
  0.5713E+01  0.3877E-03  0.3047E-05
  0.5782E+01  0.3780E-03  0.3110E-05
  0.5851E+01  0.3684E-03  0.3174E-05
  0.5920E+01  0.3591E-03  0.3237E-05
  0.5989E+01  0.3499E-03  0.3299E-05
  0.6058E+01  0.3409E-03  0.3359E-05
  0.6126E+01  0.3319E-03  0.3418E-05
  0.6195E+01  0.3230E-03  0.3476E-05
  0.6264E+01  0.3142E-03  0.3534E-05
  0.6333E+01  0.3053E-03  0.3590E-05
  0.6402E+01  0.2965E-03  0.3644E-05
  0.6471E+01  0.2878E-03  0.3694E-05
  0.6539E+01  0.2790E-03  0.3739E-05
  0.6608E+01  0.2703E-03  0.3776E-05
  0.6677E+01  0.2617E-03  0.3805E-05
  0.6746E+01  0.2531E-03  0.3823E-05
  0.6815E+01  0.2446E-03  0.3830E-05
  0.6884E+01  0.2362E-03  0.3826E-05
  0.6952E+01  0.2280E-03  0.3813E-05
  0.7021E+01  0.2200E-03  0.3791E-05
  0.7090E+01  0.2122E-03  0.3764E-05
  0.7159E+01  0.2046E-03  0.3734E-05
  0.7228E+01  0.1972E-03  0.3704E-05
  0.7297E+01  0.1902E-03  0.3677E-05
  0.7365E+01  0.1834E-03  0.3654E-05
  0.7434E+01  0.1770E-03  0.3638E-05
  0.7503E+01  0.1709E-03  0.3628E-05
  0.7572E+01  0.1651E-03  0.3625E-05
  0.7641E+01  0.1597E-03  0.3628E-05
  0.7710E+01  0.1546E-03  0.3635E-05
  0.7778E+01  0.1499E-03  0.3646E-05
  0.7847E+01  0.1455E-03  0.3658E-05
  0.7916E+01  0.1413E-03  0.3672E-05
  0.7985E+01  0.1375E-03  0.3688E-05
  0.8054E+01  0.1339E-03  0.3706E-05
  0.8123E+01  0.1306E-03  0.3726E-05
  0.8191E+01  0.1275E-03  0.3751E-05
  0.8260E+01  0.1246E-03  0.3781E-05
  0.8329E+01  0.1219E-03  0.3817E-05
  0.8398E+01  0.1193E-03  0.3859E-05
  0.8467E+01  0.1169E-03  0.3905E-05
  0.8536E+01  0.1146E-03  0.3955E-05
  0.8604E+01  0.1123E-03  0.4004E-05
  0.8673E+01  0.1101E-03  0.4051E-05
  0.8742E+01  0.1079E-03  0.4093E-05
  0.8811E+01  0.1058E-03  0.4126E-05
  0.8880E+01  0.1037E-03  0.4147E-05
  0.8949E+01  0.1016E-03  0.4156E-05
  0.9018E+01  0.9955E-04  0.4152E-05
  0.9086E+01  0.9748E-04  0.4136E-05
  0.9155E+01  0.9540E-04  0.4109E-05
  0.9224E+01  0.9332E-04  0.4074E-05
  0.9293E+01  0.9125E-04  0.4034E-05
  0.9362E+01  0.8918E-04  0.3995E-05
  0.9431E+01  0.8712E-04  0.3961E-05
  0.9499E+01  0.8507E-04  0.3935E-05
  0.9568E+01  0.8304E-04  0.3920E-05
  0.9637E+01  0.8103E-04  0.3919E-05
  0.9706E+01  0.7904E-04  0.3932E-05
  0.9775E+01  0.7708E-04  0.3957E-05
  0.9844E+01  0.7515E-04  0.3993E-05
  0.9912E+01  0.7324E-04  0.4036E-05
  0.9981E+01  0.7137E-04  0.4083E-05
  0.1005E+02  0.6953E-04  0.4130E-05
  0.1012E+02  0.6772E-04  0.4174E-05
  0.1019E+02  0.6595E-04  0.4213E-05
  0.1026E+02  0.6420E-04  0.4246E-05
  0.1033E+02  0.6247E-04  0.4272E-05
  0.1039E+02  0.6077E-04  0.4293E-05
  0.1046E+02  0.5910E-04  0.4311E-05
  0.1053E+02  0.5745E-04  0.4325E-05
  0.1060E+02  0.5581E-04  0.4340E-05
  0.1067E+02  0.5420E-04  0.4357E-05
  0.1074E+02  0.5261E-04  0.4378E-05
  0.1081E+02  0.5105E-04  0.4403E-05
  0.1088E+02  0.4951E-04  0.4435E-05
  0.1094E+02  0.4800E-04  0.4472E-05
  0.1101E+02  0.4652E-04  0.4514E-05
  0.1108E+02  0.4508E-04  0.4561E-05
  0.1115E+02  0.4367E-04  0.4612E-05
  0.1122E+02  0.4232E-04  0.4666E-05
  0.1129E+02  0.4101E-04  0.4722E-05
  0.1136E+02  0.3977E-04  0.4779E-05
  0.1143E+02  0.3857E-04  0.4837E-05
  0.1150E+02  0.3744E-04  0.4895E-05
  0.1156E+02  0.3637E-04  0.4952E-05
  0.1163E+02  0.3536E-04  0.5008E-05
  0.1170E+02  0.3441E-04  0.5059E-05
  0.1177E+02  0.3351E-04  0.5105E-05
  0.1184E+02  0.3265E-04  0.5142E-05
  0.1191E+02  0.3181E-04  0.5167E-05
  0.1198E+02  0.3100E-04  0.5175E-05
  0.1205E+02  0.3017E-04  0.5163E-05
  0.1212E+02  0.2932E-04  0.5124E-05
  0.1218E+02  0.2842E-04  0.5053E-05
  0.1225E+02  0.2743E-04  0.4946E-05
  0.1232E+02  0.2633E-04  0.4796E-05
  0.1239E+02  0.2507E-04  0.4599E-05
  0.1246E+02  0.2363E-04  0.4350E-05
  0.1253E+02  0.2196E-04  0.4044E-05
  0.1260E+02  0.2001E-04  0.3677E-05
  0.1267E+02  0.1774E-04  0.3246E-05
  0.1273E+02  0.1510E-04  0.2745E-05
  0.1280E+02  0.1206E-04  0.2174E-05
  0.1287E+02  0.8558E-05  0.1527E-05
  0.1294E+02  0.4553E-05  0.8037E-06
  0.1301E+02  0.0000E+00  0.0000E+00
