
           ####      G N O M             Version 5.0 (r14885)      ####
                                               Tue Mar 25 13:52:37 2025

           ####      Configuration                                 ####

    System Type:                   arbitrary monodisperse (job = 0)
    Minimum characteristic size:         0.0000
    Maximum characteristic size:         4.9500
    rad56:                               0.0000
    Force 0.0 at r = rmin:                  yes
    Force 0.0 at r = rmax:                  yes
    Initial alpha:                       0.0000
    Initial random seed:     924171614817373495
    Points in real space:                   251

    Input  1:                      /Users/oskarsvensson/Science/FILES/ARTICLES/Experiment/SAXS_data_Jan_2025_Grenoble/Hst1_HS/Hst1_HS_pro/0p21.dat
    First data point used:                   16
    Last data point used:                  1000
    Scaling coefficient:             0.1000E+01
    Experimental setup:            point collimation



           ####      Results                                       ####

    Parameter    DISCRP  OSCILL  STABIL  SYSDEV  POSITV  VALCEN  SMOOTH
    Weight        1.000   3.000   3.000   3.000   1.000   1.000   1.000
    Sigma         0.300   0.600   0.120   0.120   0.120   0.120   0.600
    Ideal         0.700   1.100   0.000   1.000   1.000   0.950   0.000
    Current       0.477   1.301   0.014   1.043   1.000   0.834   3.200
               --------------------------------------------------------
    Estimate      0.577   0.894   0.987   0.881   1.000   0.391   0.000

    Angular range:                       0.1510 to       4.9585
    Reciprocal space Rg:             0.1589E+01
    Reciprocal space I(0):           0.2035E-02

    Real space range:                    0.0000 to       4.9500
    Real space Rg:                   0.1591E+01 +-   0.3044E-01
    Real space I(0):                 0.2035E-02 +-   0.2765E-04

    Highest ALPHA (theor):           0.1146E+00
    Current ALPHA:                   0.1155E+00

    Total Estimate:                      0.7888 (a GOOD solution)



           ####      Experimental Data and Fit                     ####

      S          J EXP       ERROR       J REG       I REG

   0.000000E+00                                                0.203458E-02
   0.539184E-02                                                0.203453E-02
   0.107837E-01                                                0.203438E-02
   0.161755E-01                                                0.203413E-02
   0.215673E-01                                                0.203378E-02
   0.269592E-01                                                0.203333E-02
   0.323510E-01                                                0.203278E-02
   0.377429E-01                                                0.203213E-02
   0.431347E-01                                                0.203139E-02
   0.485265E-01                                                0.203054E-02
   0.539184E-01                                                0.202960E-02
   0.593102E-01                                                0.202855E-02
   0.647020E-01                                                0.202741E-02
   0.700939E-01                                                0.202617E-02
   0.754857E-01                                                0.202483E-02
   0.808775E-01                                                0.202339E-02
   0.862694E-01                                                0.202185E-02
   0.916612E-01                                                0.202022E-02
   0.970530E-01                                                0.201849E-02
   0.102445E+00                                                0.201666E-02
   0.107837E+00                                                0.201474E-02
   0.113229E+00                                                0.201272E-02
   0.118620E+00                                                0.201060E-02
   0.124012E+00                                                0.200839E-02
   0.129404E+00                                                0.200608E-02
   0.134796E+00                                                0.200368E-02
   0.140188E+00                                                0.200118E-02
   0.145580E+00                                                0.199859E-02
   0.150971E+00   0.190112E-02   0.290473E-03   0.199591E-02   0.199591E-02
   0.155857E+00   0.176660E-02   0.278086E-03   0.199340E-02   0.199340E-02
   0.160743E+00   0.233914E-02   0.270457E-03   0.199081E-02   0.199081E-02
   0.165629E+00   0.195457E-02   0.267567E-03   0.198814E-02   0.198814E-02
   0.170514E+00   0.213811E-02   0.257320E-03   0.198540E-02   0.198540E-02
   0.175400E+00   0.233574E-02   0.248866E-03   0.198259E-02   0.198259E-02
   0.180286E+00   0.180331E-02   0.243830E-03   0.197970E-02   0.197970E-02
   0.185171E+00   0.221018E-02   0.241222E-03   0.197674E-02   0.197674E-02
   0.190057E+00   0.212105E-02   0.233867E-03   0.197370E-02   0.197370E-02
   0.194943E+00   0.179081E-02   0.229105E-03   0.197059E-02   0.197059E-02
   0.199829E+00   0.206184E-02   0.225020E-03   0.196741E-02   0.196741E-02
   0.204714E+00   0.187796E-02   0.221179E-03   0.196415E-02   0.196415E-02
   0.209600E+00   0.199215E-02   0.217638E-03   0.196082E-02   0.196082E-02
   0.214486E+00   0.200429E-02   0.212635E-03   0.195743E-02   0.195743E-02
   0.219371E+00   0.202667E-02   0.209431E-03   0.195396E-02   0.195396E-02
   0.224257E+00   0.214554E-02   0.207661E-03   0.195042E-02   0.195042E-02
   0.229143E+00   0.220708E-02   0.201813E-03   0.194681E-02   0.194681E-02
   0.234029E+00   0.198389E-02   0.197818E-03   0.194313E-02   0.194313E-02
   0.238914E+00   0.197842E-02   0.196952E-03   0.193938E-02   0.193938E-02
   0.243800E+00   0.155921E-02   0.195184E-03   0.193556E-02   0.193556E-02
   0.248686E+00   0.215200E-02   0.190621E-03   0.193167E-02   0.193167E-02
   0.253572E+00   0.170129E-02   0.187435E-03   0.192772E-02   0.192772E-02
   0.258457E+00   0.174005E-02   0.187970E-03   0.192370E-02   0.192370E-02
   0.263343E+00   0.204488E-02   0.187540E-03   0.191961E-02   0.191961E-02
   0.268229E+00   0.195841E-02   0.190362E-03   0.191546E-02   0.191546E-02
   0.273114E+00   0.170397E-02   0.190592E-03   0.191124E-02   0.191124E-02
   0.278000E+00   0.206516E-02   0.197706E-03   0.190696E-02   0.190696E-02
   0.282886E+00   0.206009E-02   0.199476E-03   0.190262E-02   0.190262E-02
   0.287772E+00   0.195921E-02   0.200453E-03   0.189821E-02   0.189821E-02
   0.292657E+00   0.189068E-02   0.203837E-03   0.189374E-02   0.189374E-02
   0.297543E+00   0.207159E-02   0.204400E-03   0.188920E-02   0.188920E-02
   0.302429E+00   0.202933E-02   0.200608E-03   0.188460E-02   0.188460E-02
   0.307314E+00   0.200735E-02   0.194418E-03   0.187995E-02   0.187995E-02
   0.312200E+00   0.190003E-02   0.192163E-03   0.187523E-02   0.187523E-02
   0.317086E+00   0.175418E-02   0.191848E-03   0.187045E-02   0.187045E-02
   0.321972E+00   0.197028E-02   0.188667E-03   0.186562E-02   0.186562E-02
   0.326857E+00   0.173453E-02   0.182016E-03   0.186072E-02   0.186072E-02
   0.331743E+00   0.214242E-02   0.179126E-03   0.185577E-02   0.185577E-02
   0.336629E+00   0.201755E-02   0.172698E-03   0.185076E-02   0.185076E-02
   0.341515E+00   0.191770E-02   0.170784E-03   0.184569E-02   0.184569E-02
   0.346400E+00   0.184880E-02   0.168398E-03   0.184057E-02   0.184057E-02
   0.351286E+00   0.186488E-02   0.167395E-03   0.183539E-02   0.183539E-02
   0.356172E+00   0.175888E-02   0.163977E-03   0.183016E-02   0.183016E-02
   0.361057E+00   0.199393E-02   0.162048E-03   0.182487E-02   0.182487E-02
   0.365943E+00   0.192065E-02   0.162672E-03   0.181953E-02   0.181953E-02
   0.370829E+00   0.183849E-02   0.161823E-03   0.181414E-02   0.181414E-02
   0.375715E+00   0.184094E-02   0.158891E-03   0.180870E-02   0.180870E-02
   0.380600E+00   0.183485E-02   0.156468E-03   0.180321E-02   0.180321E-02
   0.385486E+00   0.175179E-02   0.156238E-03   0.179766E-02   0.179766E-02
   0.390372E+00   0.165615E-02   0.153686E-03   0.179207E-02   0.179207E-02
   0.395257E+00   0.176725E-02   0.151648E-03   0.178643E-02   0.178643E-02
   0.400143E+00   0.161982E-02   0.151016E-03   0.178074E-02   0.178074E-02
   0.405029E+00   0.164023E-02   0.150510E-03   0.177500E-02   0.177500E-02
   0.409915E+00   0.198544E-02   0.147897E-03   0.176921E-02   0.176921E-02
   0.414800E+00   0.169616E-02   0.147252E-03   0.176338E-02   0.176338E-02
   0.419686E+00   0.187136E-02   0.145676E-03   0.175751E-02   0.175751E-02
   0.424572E+00   0.161547E-02   0.145174E-03   0.175159E-02   0.175159E-02
   0.429458E+00   0.182224E-02   0.144414E-03   0.174562E-02   0.174562E-02
   0.434343E+00   0.159847E-02   0.143415E-03   0.173962E-02   0.173962E-02
   0.439229E+00   0.178148E-02   0.142965E-03   0.173357E-02   0.173357E-02
   0.444115E+00   0.171308E-02   0.143457E-03   0.172748E-02   0.172748E-02
   0.449001E+00   0.162956E-02   0.140186E-03   0.172135E-02   0.172135E-02
   0.453886E+00   0.192215E-02   0.138889E-03   0.171518E-02   0.171518E-02
   0.458772E+00   0.176691E-02   0.140398E-03   0.170897E-02   0.170897E-02
   0.463658E+00   0.167198E-02   0.138406E-03   0.170272E-02   0.170272E-02
   0.468543E+00   0.153907E-02   0.137037E-03   0.169644E-02   0.169644E-02
   0.473429E+00   0.164307E-02   0.135394E-03   0.169012E-02   0.169012E-02
   0.478315E+00   0.183220E-02   0.136089E-03   0.168376E-02   0.168376E-02
   0.483200E+00   0.160880E-02   0.133884E-03   0.167737E-02   0.167737E-02
   0.488086E+00   0.171854E-02   0.133548E-03   0.167094E-02   0.167094E-02
   0.492972E+00   0.163785E-02   0.135307E-03   0.166448E-02   0.166448E-02
   0.497858E+00   0.163522E-02   0.136005E-03   0.165798E-02   0.165798E-02
   0.502743E+00   0.130988E-02   0.136087E-03   0.165146E-02   0.165146E-02
   0.507629E+00   0.156926E-02   0.136914E-03   0.164490E-02   0.164490E-02
   0.512515E+00   0.153647E-02   0.137351E-03   0.163831E-02   0.163831E-02
   0.517401E+00   0.155176E-02   0.137242E-03   0.163170E-02   0.163170E-02
   0.522286E+00   0.172729E-02   0.136677E-03   0.162505E-02   0.162505E-02
   0.527172E+00   0.159954E-02   0.136361E-03   0.161837E-02   0.161837E-02
   0.532058E+00   0.151625E-02   0.137353E-03   0.161167E-02   0.161167E-02
   0.536944E+00   0.170557E-02   0.135561E-03   0.160494E-02   0.160494E-02
   0.541829E+00   0.149929E-02   0.136092E-03   0.159819E-02   0.159819E-02
   0.546715E+00   0.159608E-02   0.135970E-03   0.159141E-02   0.159141E-02
   0.551601E+00   0.159734E-02   0.137572E-03   0.158461E-02   0.158461E-02
   0.556486E+00   0.165349E-02   0.135043E-03   0.157778E-02   0.157778E-02
   0.561372E+00   0.169969E-02   0.130850E-03   0.157093E-02   0.157093E-02
   0.566258E+00   0.170940E-02   0.130453E-03   0.156406E-02   0.156406E-02
   0.571144E+00   0.139021E-02   0.128887E-03   0.155717E-02   0.155717E-02
   0.576029E+00   0.152412E-02   0.127711E-03   0.155025E-02   0.155025E-02
   0.580915E+00   0.137747E-02   0.125528E-03   0.154332E-02   0.154332E-02
   0.585801E+00   0.169105E-02   0.125765E-03   0.153637E-02   0.153637E-02
   0.590686E+00   0.162881E-02   0.124860E-03   0.152940E-02   0.152940E-02
   0.595572E+00   0.151316E-02   0.122910E-03   0.152241E-02   0.152241E-02
   0.600458E+00   0.167129E-02   0.122983E-03   0.151541E-02   0.151541E-02
   0.605344E+00   0.151445E-02   0.122319E-03   0.150839E-02   0.150839E-02
   0.610229E+00   0.140977E-02   0.121564E-03   0.150136E-02   0.150136E-02
   0.615115E+00   0.156431E-02   0.120559E-03   0.149431E-02   0.149431E-02
   0.620001E+00   0.147691E-02   0.119337E-03   0.148725E-02   0.148725E-02
   0.624887E+00   0.161072E-02   0.120602E-03   0.148018E-02   0.148018E-02
   0.629772E+00   0.145168E-02   0.118647E-03   0.147309E-02   0.147309E-02
   0.634658E+00   0.149065E-02   0.118605E-03   0.146599E-02   0.146599E-02
   0.639544E+00   0.140932E-02   0.118260E-03   0.145889E-02   0.145889E-02
   0.644429E+00   0.129151E-02   0.117676E-03   0.145177E-02   0.145177E-02
   0.649315E+00   0.161040E-02   0.116401E-03   0.144464E-02   0.144464E-02
   0.654201E+00   0.136460E-02   0.115424E-03   0.143751E-02   0.143751E-02
   0.659087E+00   0.165090E-02   0.116488E-03   0.143037E-02   0.143037E-02
   0.663972E+00   0.140424E-02   0.115083E-03   0.142322E-02   0.142322E-02
   0.668858E+00   0.161150E-02   0.114724E-03   0.141606E-02   0.141606E-02
   0.673744E+00   0.141795E-02   0.113552E-03   0.140890E-02   0.140890E-02
   0.678629E+00   0.129284E-02   0.113922E-03   0.140174E-02   0.140174E-02
   0.683515E+00   0.146543E-02   0.113205E-03   0.139457E-02   0.139457E-02
   0.688401E+00   0.122694E-02   0.112080E-03   0.138740E-02   0.138740E-02
   0.693287E+00   0.151199E-02   0.112257E-03   0.138023E-02   0.138023E-02
   0.698172E+00   0.129319E-02   0.112195E-03   0.137305E-02   0.137305E-02
   0.703058E+00   0.116924E-02   0.110533E-03   0.136587E-02   0.136587E-02
   0.707944E+00   0.129287E-02   0.109991E-03   0.135870E-02   0.135870E-02
   0.712830E+00   0.138262E-02   0.110053E-03   0.135152E-02   0.135152E-02
   0.717715E+00   0.132360E-02   0.110255E-03   0.134434E-02   0.134434E-02
   0.722601E+00   0.134071E-02   0.109292E-03   0.133717E-02   0.133717E-02
   0.727487E+00   0.137182E-02   0.108435E-03   0.133000E-02   0.133000E-02
   0.732372E+00   0.112872E-02   0.108808E-03   0.132283E-02   0.132283E-02
   0.737258E+00   0.129253E-02   0.107366E-03   0.131566E-02   0.131566E-02
   0.742144E+00   0.112789E-02   0.107101E-03   0.130850E-02   0.130850E-02
   0.747030E+00   0.129574E-02   0.107223E-03   0.130135E-02   0.130135E-02
   0.751915E+00   0.132364E-02   0.107106E-03   0.129420E-02   0.129420E-02
   0.756801E+00   0.134983E-02   0.106364E-03   0.128705E-02   0.128705E-02
   0.761687E+00   0.116861E-02   0.105241E-03   0.127991E-02   0.127991E-02
   0.766572E+00   0.113208E-02   0.105327E-03   0.127278E-02   0.127278E-02
   0.771458E+00   0.152044E-02   0.105387E-03   0.126566E-02   0.126566E-02
   0.776344E+00   0.137124E-02   0.104593E-03   0.125855E-02   0.125855E-02
   0.781230E+00   0.114525E-02   0.103882E-03   0.125144E-02   0.125144E-02
   0.786115E+00   0.111928E-02   0.103960E-03   0.124435E-02   0.124435E-02
   0.791001E+00   0.130797E-02   0.104133E-03   0.123727E-02   0.123727E-02
   0.795887E+00   0.105726E-02   0.102588E-03   0.123019E-02   0.123019E-02
   0.800772E+00   0.114040E-02   0.102133E-03   0.122313E-02   0.122313E-02
   0.805658E+00   0.135524E-02   0.102744E-03   0.121608E-02   0.121608E-02
   0.810544E+00   0.114833E-02   0.101967E-03   0.120905E-02   0.120905E-02
   0.815430E+00   0.119675E-02   0.101823E-03   0.120202E-02   0.120202E-02
   0.820315E+00   0.116132E-02   0.100890E-03   0.119502E-02   0.119502E-02
   0.825201E+00   0.118236E-02   0.101375E-03   0.118802E-02   0.118802E-02
   0.830087E+00   0.117984E-02   0.100252E-03   0.118104E-02   0.118104E-02
   0.834973E+00   0.113252E-02   0.100144E-03   0.117408E-02   0.117408E-02
   0.839858E+00   0.103994E-02   0.998962E-04   0.116713E-02   0.116713E-02
   0.844744E+00   0.118837E-02   0.100028E-03   0.116020E-02   0.116020E-02
   0.849630E+00   0.122059E-02   0.992366E-04   0.115328E-02   0.115328E-02
   0.854515E+00   0.106875E-02   0.981106E-04   0.114638E-02   0.114638E-02
   0.859401E+00   0.109635E-02   0.988028E-04   0.113950E-02   0.113950E-02
   0.864287E+00   0.106872E-02   0.983394E-04   0.113264E-02   0.113264E-02
   0.869173E+00   0.982920E-03   0.975252E-04   0.112580E-02   0.112580E-02
   0.874058E+00   0.104539E-02   0.974000E-04   0.111898E-02   0.111898E-02
   0.878944E+00   0.109373E-02   0.974784E-04   0.111218E-02   0.111218E-02
   0.883830E+00   0.128020E-02   0.967558E-04   0.110539E-02   0.110539E-02
   0.888715E+00   0.106130E-02   0.964683E-04   0.109863E-02   0.109863E-02
   0.893601E+00   0.103244E-02   0.959963E-04   0.109189E-02   0.109189E-02
   0.898487E+00   0.102949E-02   0.963568E-04   0.108517E-02   0.108517E-02
   0.903373E+00   0.108693E-02   0.951724E-04   0.107847E-02   0.107847E-02
   0.908258E+00   0.119260E-02   0.952007E-04   0.107180E-02   0.107180E-02
   0.913144E+00   0.104620E-02   0.946747E-04   0.106515E-02   0.106515E-02
   0.918030E+00   0.108829E-02   0.950506E-04   0.105852E-02   0.105852E-02
   0.922916E+00   0.106202E-02   0.942602E-04   0.105192E-02   0.105192E-02
   0.927801E+00   0.101243E-02   0.933530E-04   0.104533E-02   0.104533E-02
   0.932687E+00   0.107008E-02   0.943842E-04   0.103878E-02   0.103878E-02
   0.937573E+00   0.949210E-03   0.935376E-04   0.103225E-02   0.103225E-02
   0.942458E+00   0.106572E-02   0.929707E-04   0.102574E-02   0.102574E-02
   0.947344E+00   0.942670E-03   0.924451E-04   0.101926E-02   0.101926E-02
   0.952230E+00   0.908990E-03   0.930833E-04   0.101280E-02   0.101280E-02
   0.957116E+00   0.968570E-03   0.920812E-04   0.100638E-02   0.100638E-02
   0.962001E+00   0.903840E-03   0.920472E-04   0.999973E-03   0.999973E-03
   0.966887E+00   0.685180E-03   0.914383E-04   0.993597E-03   0.993597E-03
   0.971773E+00   0.982620E-03   0.916722E-04   0.987249E-03   0.987249E-03
   0.976658E+00   0.101436E-02   0.909504E-04   0.980928E-03   0.980928E-03
   0.981544E+00   0.935490E-03   0.906467E-04   0.974635E-03   0.974635E-03
   0.986430E+00   0.966030E-03   0.908125E-04   0.968369E-03   0.968369E-03
   0.991316E+00   0.999760E-03   0.910678E-04   0.962133E-03   0.962133E-03
   0.996201E+00   0.833210E-03   0.900782E-04   0.955924E-03   0.955924E-03
   0.100109E+01   0.103571E-02   0.895947E-04   0.949744E-03   0.949744E-03
   0.100597E+01   0.100190E-02   0.902912E-04   0.943594E-03   0.943594E-03
   0.101086E+01   0.101994E-02   0.898941E-04   0.937472E-03   0.937472E-03
   0.101574E+01   0.100717E-02   0.888740E-04   0.931381E-03   0.931381E-03
   0.102063E+01   0.841580E-03   0.892280E-04   0.925319E-03   0.925319E-03
   0.102552E+01   0.970340E-03   0.894210E-04   0.919287E-03   0.919287E-03
   0.103040E+01   0.861770E-03   0.885092E-04   0.913287E-03   0.913287E-03
   0.103529E+01   0.949190E-03   0.882561E-04   0.907315E-03   0.907315E-03
   0.104017E+01   0.844920E-03   0.884636E-04   0.901375E-03   0.901375E-03
   0.104506E+01   0.892330E-03   0.882452E-04   0.895465E-03   0.895465E-03
   0.104994E+01   0.969200E-03   0.880844E-04   0.889587E-03   0.889587E-03
   0.105483E+01   0.977550E-03   0.875391E-04   0.883740E-03   0.883740E-03
   0.105972E+01   0.955840E-03   0.876430E-04   0.877924E-03   0.877924E-03
   0.106460E+01   0.763140E-03   0.876556E-04   0.872139E-03   0.872139E-03
   0.106949E+01   0.765200E-03   0.868282E-04   0.866387E-03   0.866387E-03
   0.107437E+01   0.105760E-02   0.867475E-04   0.860667E-03   0.860667E-03
   0.107926E+01   0.833050E-03   0.879805E-04   0.854978E-03   0.854978E-03
   0.108414E+01   0.107284E-02   0.885016E-04   0.849322E-03   0.849322E-03
   0.108903E+01   0.872300E-03   0.888184E-04   0.843698E-03   0.843698E-03
   0.109392E+01   0.825030E-03   0.886391E-04   0.838106E-03   0.838106E-03
   0.109880E+01   0.803180E-03   0.890482E-04   0.832546E-03   0.832546E-03
   0.110369E+01   0.740410E-03   0.887595E-04   0.827020E-03   0.827020E-03
   0.110857E+01   0.809170E-03   0.888209E-04   0.821526E-03   0.821526E-03
   0.111346E+01   0.920140E-03   0.891110E-04   0.816065E-03   0.816065E-03
   0.111834E+01   0.851040E-03   0.892972E-04   0.810637E-03   0.810637E-03
   0.112323E+01   0.849590E-03   0.893718E-04   0.805242E-03   0.805242E-03
   0.112812E+01   0.882780E-03   0.887540E-04   0.799880E-03   0.799880E-03
   0.113300E+01   0.829330E-03   0.891813E-04   0.794551E-03   0.794551E-03
   0.113789E+01   0.793260E-03   0.890794E-04   0.789256E-03   0.789256E-03
   0.114277E+01   0.706560E-03   0.887847E-04   0.783993E-03   0.783993E-03
   0.114766E+01   0.647310E-03   0.874197E-04   0.778764E-03   0.778764E-03
   0.115254E+01   0.842620E-03   0.872167E-04   0.773568E-03   0.773568E-03
   0.115743E+01   0.707160E-03   0.864977E-04   0.768406E-03   0.768406E-03
   0.116232E+01   0.821130E-03   0.857988E-04   0.763277E-03   0.763277E-03
   0.116720E+01   0.945510E-03   0.856029E-04   0.758181E-03   0.758181E-03
   0.117209E+01   0.753480E-03   0.859213E-04   0.753119E-03   0.753119E-03
   0.117697E+01   0.800240E-03   0.849623E-04   0.748090E-03   0.748090E-03
   0.118186E+01   0.925120E-03   0.845983E-04   0.743094E-03   0.743094E-03
   0.118674E+01   0.892880E-03   0.846043E-04   0.738132E-03   0.738132E-03
   0.119163E+01   0.729700E-03   0.846536E-04   0.733204E-03   0.733204E-03
   0.119652E+01   0.705520E-03   0.839970E-04   0.728309E-03   0.728309E-03
   0.120140E+01   0.568390E-03   0.838173E-04   0.723447E-03   0.723447E-03
   0.120629E+01   0.771600E-03   0.840785E-04   0.718618E-03   0.718618E-03
   0.121117E+01   0.677280E-03   0.836032E-04   0.713823E-03   0.713823E-03
   0.121606E+01   0.585540E-03   0.828522E-04   0.709061E-03   0.709061E-03
   0.122094E+01   0.831240E-03   0.825686E-04   0.704332E-03   0.704332E-03
   0.122583E+01   0.677010E-03   0.831638E-04   0.699637E-03   0.699637E-03
   0.123072E+01   0.712020E-03   0.825083E-04   0.694975E-03   0.694975E-03
   0.123560E+01   0.775570E-03   0.822089E-04   0.690345E-03   0.690345E-03
   0.124049E+01   0.585590E-03   0.819104E-04   0.685749E-03   0.685749E-03
   0.124537E+01   0.510580E-03   0.823324E-04   0.681186E-03   0.681186E-03
   0.125026E+01   0.667380E-03   0.814179E-04   0.676655E-03   0.676655E-03
   0.125514E+01   0.761080E-03   0.810121E-04   0.672157E-03   0.672157E-03
   0.126003E+01   0.742340E-03   0.814048E-04   0.667693E-03   0.667693E-03
   0.126492E+01   0.755960E-03   0.815886E-04   0.663260E-03   0.663260E-03
   0.126980E+01   0.858210E-03   0.807477E-04   0.658860E-03   0.658860E-03
   0.127469E+01   0.836330E-03   0.803085E-04   0.654492E-03   0.654492E-03
   0.127957E+01   0.632090E-03   0.807629E-04   0.650157E-03   0.650157E-03
   0.128446E+01   0.599000E-03   0.801807E-04   0.645854E-03   0.645854E-03
   0.128934E+01   0.841320E-03   0.799275E-04   0.641583E-03   0.641583E-03
   0.129423E+01   0.683580E-03   0.798765E-04   0.637343E-03   0.637343E-03
   0.129912E+01   0.656860E-03   0.800021E-04   0.633137E-03   0.633137E-03
   0.130400E+01   0.590750E-03   0.793219E-04   0.628961E-03   0.628961E-03
   0.130889E+01   0.536960E-03   0.793883E-04   0.624817E-03   0.624817E-03
   0.131377E+01   0.619670E-03   0.805217E-04   0.620705E-03   0.620705E-03
   0.131866E+01   0.629600E-03   0.810786E-04   0.616624E-03   0.616624E-03
   0.132354E+01   0.515050E-03   0.808512E-04   0.612573E-03   0.612573E-03
   0.132843E+01   0.607310E-03   0.809240E-04   0.608554E-03   0.608554E-03
   0.133332E+01   0.661940E-03   0.814886E-04   0.604567E-03   0.604567E-03
   0.133820E+01   0.498860E-03   0.813051E-04   0.600609E-03   0.600609E-03
   0.134309E+01   0.567280E-03   0.811049E-04   0.596682E-03   0.596682E-03
   0.134797E+01   0.614860E-03   0.814317E-04   0.592786E-03   0.592786E-03
   0.135286E+01   0.526970E-03   0.815911E-04   0.588920E-03   0.588920E-03
   0.135774E+01   0.559330E-03   0.812130E-04   0.585084E-03   0.585084E-03
   0.136263E+01   0.538870E-03   0.814631E-04   0.581278E-03   0.581278E-03
   0.136752E+01   0.719720E-03   0.814103E-04   0.577502E-03   0.577502E-03
   0.137240E+01   0.543280E-03   0.817130E-04   0.573755E-03   0.573755E-03
   0.137729E+01   0.506850E-03   0.804349E-04   0.570037E-03   0.570037E-03
   0.138217E+01   0.569540E-03   0.796387E-04   0.566349E-03   0.566349E-03
   0.138706E+01   0.531390E-03   0.793235E-04   0.562691E-03   0.562691E-03
   0.139194E+01   0.611950E-03   0.790366E-04   0.559060E-03   0.559060E-03
   0.139683E+01   0.513340E-03   0.787478E-04   0.555459E-03   0.555459E-03
   0.140172E+01   0.551790E-03   0.781956E-04   0.551886E-03   0.551886E-03
   0.140660E+01   0.595570E-03   0.787978E-04   0.548341E-03   0.548341E-03
   0.141149E+01   0.423570E-03   0.781134E-04   0.544825E-03   0.544825E-03
   0.141637E+01   0.486900E-03   0.776146E-04   0.541336E-03   0.541336E-03
   0.142126E+01   0.599510E-03   0.774912E-04   0.537876E-03   0.537876E-03
   0.142614E+01   0.686800E-03   0.775956E-04   0.534442E-03   0.534442E-03
   0.143103E+01   0.495830E-03   0.771671E-04   0.531036E-03   0.531036E-03
   0.143592E+01   0.424700E-03   0.770447E-04   0.527658E-03   0.527658E-03
   0.144080E+01   0.550690E-03   0.769079E-04   0.524305E-03   0.524305E-03
   0.144569E+01   0.421850E-03   0.767263E-04   0.520980E-03   0.520980E-03
   0.145057E+01   0.622190E-03   0.763303E-04   0.517681E-03   0.517681E-03
   0.145546E+01   0.565340E-03   0.759023E-04   0.514409E-03   0.514409E-03
   0.146035E+01   0.604600E-03   0.759813E-04   0.511163E-03   0.511163E-03
   0.146523E+01   0.536850E-03   0.763738E-04   0.507942E-03   0.507942E-03
   0.147012E+01   0.492640E-03   0.754045E-04   0.504748E-03   0.504748E-03
   0.147500E+01   0.543360E-03   0.753404E-04   0.501579E-03   0.501579E-03
   0.147989E+01   0.484530E-03   0.755541E-04   0.498435E-03   0.498435E-03
   0.148477E+01   0.428470E-03   0.751487E-04   0.495316E-03   0.495316E-03
   0.148966E+01   0.640180E-03   0.749888E-04   0.492222E-03   0.492222E-03
   0.149455E+01   0.468760E-03   0.747228E-04   0.489153E-03   0.489153E-03
   0.149943E+01   0.573070E-03   0.751129E-04   0.486108E-03   0.486108E-03
   0.150432E+01   0.562720E-03   0.744670E-04   0.483087E-03   0.483087E-03
   0.150920E+01   0.580200E-03   0.741000E-04   0.480091E-03   0.480091E-03
   0.151409E+01   0.421990E-03   0.742996E-04   0.477118E-03   0.477118E-03
   0.151897E+01   0.419530E-03   0.743626E-04   0.474168E-03   0.474168E-03
   0.152386E+01   0.399290E-03   0.740725E-04   0.471243E-03   0.471243E-03
   0.152875E+01   0.475560E-03   0.737216E-04   0.468340E-03   0.468340E-03
   0.153363E+01   0.526720E-03   0.737002E-04   0.465459E-03   0.465459E-03
   0.153852E+01   0.436260E-03   0.737588E-04   0.462602E-03   0.462602E-03
   0.154340E+01   0.578490E-03   0.731726E-04   0.459768E-03   0.459768E-03
   0.154829E+01   0.448460E-03   0.729167E-04   0.456955E-03   0.456955E-03
   0.155317E+01   0.355700E-03   0.735661E-04   0.454164E-03   0.454164E-03
   0.155806E+01   0.421310E-03   0.730319E-04   0.451395E-03   0.451395E-03
   0.156295E+01   0.522740E-03   0.725443E-04   0.448649E-03   0.448649E-03
   0.156783E+01   0.306240E-03   0.724611E-04   0.445923E-03   0.445923E-03
   0.157272E+01   0.397150E-03   0.727803E-04   0.443218E-03   0.443218E-03
   0.157760E+01   0.423280E-03   0.722685E-04   0.440535E-03   0.440535E-03
   0.158249E+01   0.477040E-03   0.720981E-04   0.437872E-03   0.437872E-03
   0.158737E+01   0.614820E-03   0.721996E-04   0.435230E-03   0.435230E-03
   0.159226E+01   0.488570E-03   0.722819E-04   0.432608E-03   0.432608E-03
   0.159715E+01   0.543410E-03   0.716708E-04   0.430006E-03   0.430006E-03
   0.160203E+01   0.418410E-03   0.716621E-04   0.427424E-03   0.427424E-03
   0.160692E+01   0.515200E-03   0.723617E-04   0.424862E-03   0.424862E-03
   0.161180E+01   0.411620E-03   0.727988E-04   0.422319E-03   0.422319E-03
   0.161669E+01   0.448420E-03   0.729848E-04   0.419796E-03   0.419796E-03
   0.162157E+01   0.344520E-03   0.729857E-04   0.417292E-03   0.417292E-03
   0.162646E+01   0.407240E-03   0.734280E-04   0.414806E-03   0.414806E-03
   0.163135E+01   0.263000E-03   0.728262E-04   0.412340E-03   0.412340E-03
   0.163623E+01   0.380300E-03   0.719174E-04   0.409891E-03   0.409891E-03
   0.164112E+01   0.418640E-03   0.718120E-04   0.407461E-03   0.407461E-03
   0.164600E+01   0.423990E-03   0.720415E-04   0.405049E-03   0.405049E-03
   0.165089E+01   0.421960E-03   0.711890E-04   0.402655E-03   0.402655E-03
   0.165577E+01   0.308780E-03   0.709634E-04   0.400279E-03   0.400279E-03
   0.166066E+01   0.465750E-03   0.711421E-04   0.397920E-03   0.397920E-03
   0.166555E+01   0.384530E-03   0.711264E-04   0.395578E-03   0.395578E-03
   0.167043E+01   0.314200E-03   0.705661E-04   0.393253E-03   0.393253E-03
   0.167532E+01   0.394870E-03   0.707428E-04   0.390946E-03   0.390946E-03
   0.168020E+01   0.431450E-03   0.705919E-04   0.388654E-03   0.388654E-03
   0.168509E+01   0.348740E-03   0.702956E-04   0.386380E-03   0.386380E-03
   0.168997E+01   0.402070E-03   0.698973E-04   0.384122E-03   0.384122E-03
   0.169486E+01   0.497150E-03   0.697806E-04   0.381879E-03   0.381879E-03
   0.169975E+01   0.279390E-03   0.697337E-04   0.379653E-03   0.379653E-03
   0.170463E+01   0.216370E-03   0.696037E-04   0.377443E-03   0.377443E-03
   0.170952E+01   0.169350E-03   0.694039E-04   0.375248E-03   0.375248E-03
   0.171440E+01   0.354680E-03   0.694252E-04   0.373068E-03   0.373068E-03
   0.171929E+01   0.352050E-03   0.695271E-04   0.370905E-03   0.370905E-03
   0.172417E+01   0.366670E-03   0.692571E-04   0.368755E-03   0.368755E-03
   0.172906E+01   0.375580E-03   0.688449E-04   0.366621E-03   0.366621E-03
   0.173395E+01   0.297430E-03   0.692263E-04   0.364501E-03   0.364501E-03
   0.173883E+01   0.430220E-03   0.688857E-04   0.362396E-03   0.362396E-03
   0.174372E+01   0.254250E-03   0.686306E-04   0.360306E-03   0.360306E-03
   0.174860E+01   0.320830E-03   0.686189E-04   0.358229E-03   0.358229E-03
   0.175349E+01   0.322690E-03   0.688579E-04   0.356167E-03   0.356167E-03
   0.175837E+01   0.343390E-03   0.681669E-04   0.354118E-03   0.354118E-03
   0.176326E+01   0.253550E-03   0.681939E-04   0.352083E-03   0.352083E-03
   0.176815E+01   0.322250E-03   0.682770E-04   0.350062E-03   0.350062E-03
   0.177303E+01   0.228770E-03   0.683199E-04   0.348054E-03   0.348054E-03
   0.177792E+01   0.239920E-03   0.677487E-04   0.346059E-03   0.346059E-03
   0.178280E+01   0.367720E-03   0.676610E-04   0.344077E-03   0.344077E-03
   0.178769E+01   0.375430E-03   0.677755E-04   0.342109E-03   0.342109E-03
   0.179257E+01   0.243190E-03   0.679018E-04   0.340153E-03   0.340153E-03
   0.179746E+01   0.265450E-03   0.674141E-04   0.338210E-03   0.338210E-03
   0.180235E+01   0.367600E-03   0.672198E-04   0.336279E-03   0.336279E-03
   0.180723E+01   0.317730E-03   0.674535E-04   0.334361E-03   0.334361E-03
   0.181212E+01   0.355610E-03   0.673184E-04   0.332455E-03   0.332455E-03
   0.181700E+01   0.414290E-03   0.671289E-04   0.330561E-03   0.330561E-03
   0.182189E+01   0.360360E-03   0.668337E-04   0.328679E-03   0.328679E-03
   0.182677E+01   0.361640E-03   0.671562E-04   0.326809E-03   0.326809E-03
   0.183166E+01   0.286190E-03   0.666982E-04   0.324950E-03   0.324950E-03
   0.183655E+01   0.398750E-03   0.664975E-04   0.323103E-03   0.323103E-03
   0.184143E+01   0.213590E-03   0.665785E-04   0.321268E-03   0.321268E-03
   0.184632E+01   0.341930E-03   0.666611E-04   0.319443E-03   0.319443E-03
   0.185120E+01   0.317130E-03   0.663944E-04   0.317630E-03   0.317630E-03
   0.185609E+01   0.391700E-03   0.662128E-04   0.315828E-03   0.315828E-03
   0.186097E+01   0.221160E-03   0.662491E-04   0.314038E-03   0.314038E-03
   0.186586E+01   0.309260E-03   0.661503E-04   0.312258E-03   0.312258E-03
   0.187075E+01   0.314880E-03   0.658553E-04   0.310488E-03   0.310488E-03
   0.187563E+01   0.350490E-03   0.657079E-04   0.308729E-03   0.308729E-03
   0.188052E+01   0.352700E-03   0.660550E-04   0.306981E-03   0.306981E-03
   0.188540E+01   0.308770E-03   0.657141E-04   0.305243E-03   0.305243E-03
   0.189029E+01   0.331430E-03   0.656407E-04   0.303516E-03   0.303516E-03
   0.189517E+01   0.270770E-03   0.658523E-04   0.301799E-03   0.301799E-03
   0.190006E+01   0.324910E-03   0.665007E-04   0.300091E-03   0.300091E-03
   0.190495E+01   0.247090E-03   0.666177E-04   0.298394E-03   0.298394E-03
   0.190983E+01   0.259730E-03   0.664280E-04   0.296707E-03   0.296707E-03
   0.191472E+01   0.145830E-03   0.669470E-04   0.295029E-03   0.295029E-03
   0.191960E+01   0.332780E-03   0.670244E-04   0.293362E-03   0.293362E-03
   0.192449E+01   0.302800E-03   0.669778E-04   0.291703E-03   0.291703E-03
   0.192937E+01   0.245410E-03   0.667515E-04   0.290055E-03   0.290055E-03
   0.193426E+01   0.239980E-03   0.671447E-04   0.288416E-03   0.288416E-03
   0.193915E+01   0.292150E-03   0.671455E-04   0.286786E-03   0.286786E-03
   0.194403E+01   0.169950E-03   0.670594E-04   0.285165E-03   0.285165E-03
   0.194892E+01   0.350990E-03   0.669240E-04   0.283554E-03   0.283554E-03
   0.195380E+01   0.279200E-03   0.672127E-04   0.281952E-03   0.281952E-03
   0.195869E+01   0.304820E-03   0.668307E-04   0.280359E-03   0.280359E-03
   0.196358E+01   0.381570E-03   0.662096E-04   0.278775E-03   0.278775E-03
   0.196846E+01   0.227460E-03   0.658479E-04   0.277200E-03   0.277200E-03
   0.197335E+01   0.349420E-03   0.659841E-04   0.275634E-03   0.275634E-03
   0.197823E+01   0.252740E-03   0.654599E-04   0.274076E-03   0.274076E-03
   0.198312E+01   0.220920E-03   0.654122E-04   0.272528E-03   0.272528E-03
   0.198800E+01   0.270880E-03   0.653781E-04   0.270987E-03   0.270987E-03
   0.199289E+01   0.286240E-03   0.651362E-04   0.269456E-03   0.269456E-03
   0.199778E+01   0.189710E-03   0.649426E-04   0.267932E-03   0.267932E-03
   0.200266E+01   0.281840E-03   0.647609E-04   0.266418E-03   0.266418E-03
   0.200755E+01   0.286850E-03   0.649948E-04   0.264912E-03   0.264912E-03
   0.201243E+01   0.195000E-03   0.646085E-04   0.263414E-03   0.263414E-03
   0.201732E+01   0.300190E-03   0.644452E-04   0.261924E-03   0.261924E-03
   0.202220E+01   0.212970E-03   0.643954E-04   0.260443E-03   0.260443E-03
   0.202709E+01   0.285780E-03   0.644331E-04   0.258970E-03   0.258970E-03
   0.203198E+01   0.295320E-03   0.641475E-04   0.257505E-03   0.257505E-03
   0.203686E+01   0.249540E-03   0.639307E-04   0.256048E-03   0.256048E-03
   0.204175E+01   0.295570E-03   0.642271E-04   0.254599E-03   0.254599E-03
   0.204663E+01   0.285770E-03   0.639933E-04   0.253158E-03   0.253158E-03
   0.205152E+01   0.233380E-03   0.636248E-04   0.251725E-03   0.251725E-03
   0.205640E+01   0.337680E-03   0.634914E-04   0.250300E-03   0.250300E-03
   0.206129E+01   0.302570E-03   0.636797E-04   0.248883E-03   0.248883E-03
   0.206617E+01   0.335800E-03   0.637256E-04   0.247474E-03   0.247474E-03
   0.207106E+01   0.249830E-03   0.635706E-04   0.246073E-03   0.246073E-03
   0.207595E+01   0.246580E-03   0.634105E-04   0.244679E-03   0.244679E-03
   0.208083E+01   0.244440E-03   0.634060E-04   0.243293E-03   0.243293E-03
   0.208572E+01   0.245500E-03   0.628636E-04   0.241914E-03   0.241914E-03
   0.209060E+01   0.231110E-03   0.628363E-04   0.240544E-03   0.240544E-03
   0.209549E+01   0.313370E-03   0.628934E-04   0.239181E-03   0.239181E-03
   0.210038E+01   0.243070E-03   0.629507E-04   0.237825E-03   0.237825E-03
   0.210526E+01   0.239510E-03   0.625989E-04   0.236477E-03   0.236477E-03
   0.211015E+01   0.215340E-03   0.624166E-04   0.235137E-03   0.235137E-03
   0.211503E+01   0.201290E-03   0.625873E-04   0.233804E-03   0.233804E-03
   0.211992E+01   0.204650E-03   0.625230E-04   0.232479E-03   0.232479E-03
   0.212480E+01   0.324460E-03   0.624220E-04   0.231161E-03   0.231161E-03
   0.212969E+01   0.378660E-03   0.629825E-04   0.229851E-03   0.229851E-03
   0.213457E+01   0.217320E-03   0.633261E-04   0.228548E-03   0.228548E-03
   0.213946E+01   0.200830E-03   0.633286E-04   0.227252E-03   0.227252E-03
   0.214435E+01   0.288050E-03   0.635404E-04   0.225964E-03   0.225964E-03
   0.214923E+01   0.127990E-03   0.634829E-04   0.224683E-03   0.224683E-03
   0.215412E+01   0.192420E-03   0.639081E-04   0.223409E-03   0.223409E-03
   0.215900E+01   0.261570E-03   0.637609E-04   0.222143E-03   0.222143E-03
   0.216389E+01   0.195730E-03   0.636701E-04   0.220884E-03   0.220884E-03
   0.216878E+01   0.265620E-03   0.638778E-04   0.219632E-03   0.219632E-03
   0.217366E+01   0.220710E-03   0.638415E-04   0.218388E-03   0.218388E-03
   0.217855E+01   0.159550E-03   0.642258E-04   0.217151E-03   0.217151E-03
   0.218343E+01   0.255870E-03   0.649759E-04   0.215921E-03   0.215921E-03
   0.218832E+01   0.268050E-03   0.655900E-04   0.214698E-03   0.214698E-03
   0.219320E+01   0.167210E-03   0.656880E-04   0.213482E-03   0.213482E-03
   0.219809E+01   0.141330E-03   0.654173E-04   0.212274E-03   0.212274E-03
   0.220297E+01   0.358400E-03   0.659066E-04   0.211073E-03   0.211073E-03
   0.220786E+01   0.104020E-03   0.660602E-04   0.209879E-03   0.209879E-03
   0.221275E+01   0.284620E-03   0.661658E-04   0.208692E-03   0.208692E-03
   0.221763E+01   0.262350E-03   0.664698E-04   0.207512E-03   0.207512E-03
   0.222252E+01   0.228580E-03   0.668509E-04   0.206339E-03   0.206339E-03
   0.222740E+01   0.214460E-03   0.669174E-04   0.205173E-03   0.205173E-03
   0.223229E+01   0.204710E-03   0.667690E-04   0.204015E-03   0.204015E-03
   0.223718E+01   0.116570E-03   0.670577E-04   0.202864E-03   0.202864E-03
   0.224206E+01   0.170180E-03   0.670478E-04   0.201719E-03   0.201719E-03
   0.224695E+01   0.252020E-03   0.674146E-04   0.200582E-03   0.200582E-03
   0.225183E+01   0.177200E-03   0.669681E-04   0.199452E-03   0.199452E-03
   0.225672E+01   0.218180E-03   0.673617E-04   0.198329E-03   0.198329E-03
   0.226160E+01   0.206930E-03   0.677233E-04   0.197213E-03   0.197213E-03
   0.226649E+01   0.300610E-03   0.673982E-04   0.196104E-03   0.196104E-03
   0.227137E+01   0.341660E-03   0.675350E-04   0.195002E-03   0.195002E-03
   0.227626E+01   0.222120E-03   0.679195E-04   0.193906E-03   0.193906E-03
   0.228115E+01   0.175140E-03   0.683691E-04   0.192818E-03   0.192818E-03
   0.228603E+01   0.139980E-03   0.677438E-04   0.191737E-03   0.191737E-03
   0.229092E+01   0.232220E-03   0.679376E-04   0.190663E-03   0.190663E-03
   0.229580E+01   0.151240E-03   0.682655E-04   0.189596E-03   0.189596E-03
   0.230069E+01   0.168370E-03   0.683480E-04   0.188536E-03   0.188536E-03
   0.230558E+01   0.242890E-03   0.683462E-04   0.187483E-03   0.187483E-03
   0.231046E+01   0.230550E-03   0.686569E-04   0.186437E-03   0.186437E-03
   0.231535E+01   0.143520E-03   0.688466E-04   0.185397E-03   0.185397E-03
   0.232023E+01   0.205990E-03   0.684877E-04   0.184365E-03   0.184365E-03
   0.232512E+01   0.212310E-03   0.685111E-04   0.183340E-03   0.183340E-03
   0.233000E+01   0.123010E-03   0.689456E-04   0.182321E-03   0.182321E-03
   0.233489E+01   0.196240E-03   0.694138E-04   0.181310E-03   0.181310E-03
   0.233977E+01   0.139320E-03   0.688800E-04   0.180305E-03   0.180305E-03
   0.234466E+01   0.143370E-03   0.693524E-04   0.179307E-03   0.179307E-03
   0.234955E+01   0.209760E-03   0.693332E-04   0.178316E-03   0.178316E-03
   0.235443E+01   0.224150E-03   0.696261E-04   0.177332E-03   0.177332E-03
   0.235932E+01   0.315790E-03   0.693325E-04   0.176355E-03   0.176355E-03
   0.236420E+01   0.251150E-03   0.698268E-04   0.175384E-03   0.175384E-03
   0.236909E+01   0.163950E-03   0.704215E-04   0.174420E-03   0.174420E-03
   0.237398E+01   0.302450E-03   0.701000E-04   0.173464E-03   0.173464E-03
   0.237886E+01   0.219920E-03   0.697310E-04   0.172514E-03   0.172514E-03
   0.238375E+01   0.414000E-04   0.704638E-04   0.171570E-03   0.171570E-03
   0.238863E+01   0.141350E-03   0.707017E-04   0.170634E-03   0.170634E-03
   0.239352E+01   0.971900E-04   0.702587E-04   0.169704E-03   0.169704E-03
   0.239840E+01   0.250420E-03   0.707990E-04   0.168781E-03   0.168781E-03
   0.240329E+01   0.242200E-04   0.710154E-04   0.167865E-03   0.167865E-03
   0.240817E+01   0.683200E-04   0.712155E-04   0.166956E-03   0.166956E-03
   0.241306E+01   0.133750E-03   0.706815E-04   0.166053E-03   0.166053E-03
   0.241795E+01   0.874200E-04   0.711255E-04   0.165157E-03   0.165157E-03
   0.242283E+01   0.280520E-03   0.715943E-04   0.164268E-03   0.164268E-03
   0.242772E+01   0.181200E-03   0.715218E-04   0.163385E-03   0.163385E-03
   0.243260E+01   0.121870E-03   0.710973E-04   0.162509E-03   0.162509E-03
   0.243749E+01   0.414900E-04   0.713003E-04   0.161639E-03   0.161639E-03
   0.244238E+01   0.120210E-03   0.715685E-04   0.160777E-03   0.160777E-03
   0.244726E+01   0.253150E-03   0.714652E-04   0.159920E-03   0.159920E-03
   0.245215E+01   0.578900E-04   0.713944E-04   0.159070E-03   0.159070E-03
   0.245703E+01   0.214280E-03   0.717678E-04   0.158227E-03   0.158227E-03
   0.246192E+01   0.153840E-03   0.719610E-04   0.157391E-03   0.157391E-03
   0.246680E+01   0.114510E-03   0.713457E-04   0.156561E-03   0.156561E-03
   0.247169E+01   0.174490E-03   0.716987E-04   0.155737E-03   0.155737E-03
   0.247657E+01   0.959400E-04   0.720470E-04   0.154920E-03   0.154920E-03
   0.248146E+01   0.120540E-03   0.720179E-04   0.154109E-03   0.154109E-03
   0.248635E+01   0.197940E-03   0.720144E-04   0.153304E-03   0.153304E-03
   0.249123E+01   0.189470E-03   0.722434E-04   0.152506E-03   0.152506E-03
   0.249612E+01  -0.171000E-05   0.723912E-04   0.151715E-03   0.151715E-03
   0.250100E+01   0.322570E-03   0.723290E-04   0.150930E-03   0.150930E-03
   0.250589E+01   0.834800E-04   0.721406E-04   0.150151E-03   0.150151E-03
   0.251078E+01   0.104100E-03   0.726318E-04   0.149378E-03   0.149378E-03
   0.251566E+01   0.173310E-03   0.725650E-04   0.148612E-03   0.148612E-03
   0.252055E+01   0.269220E-03   0.722842E-04   0.147851E-03   0.147851E-03
   0.252543E+01   0.191540E-03   0.726574E-04   0.147097E-03   0.147097E-03
   0.253032E+01   0.179810E-03   0.731948E-04   0.146350E-03   0.146350E-03
   0.253520E+01   0.124100E-04   0.748093E-04   0.145608E-03   0.145608E-03
   0.254009E+01   0.272270E-03   0.748341E-04   0.144872E-03   0.144872E-03
   0.254498E+01   0.624300E-04   0.757292E-04   0.144143E-03   0.144143E-03
   0.254986E+01   0.195090E-03   0.763931E-04   0.143419E-03   0.143419E-03
   0.255475E+01   0.231400E-04   0.760927E-04   0.142702E-03   0.142702E-03
   0.255963E+01   0.162470E-03   0.757405E-04   0.141991E-03   0.141991E-03
   0.256452E+01   0.123480E-03   0.763576E-04   0.141285E-03   0.141285E-03
   0.256940E+01   0.123340E-03   0.769100E-04   0.140586E-03   0.140586E-03
   0.257429E+01   0.231390E-03   0.765672E-04   0.139892E-03   0.139892E-03
   0.257918E+01   0.129000E-04   0.765379E-04   0.139204E-03   0.139204E-03
   0.258406E+01   0.132100E-03   0.773930E-04   0.138522E-03   0.138522E-03
   0.258895E+01   0.104370E-03   0.769493E-04   0.137846E-03   0.137846E-03
   0.259383E+01   0.127130E-03   0.765067E-04   0.137175E-03   0.137175E-03
   0.259872E+01   0.163500E-04   0.767850E-04   0.136511E-03   0.136511E-03
   0.260360E+01   0.157360E-03   0.769778E-04   0.135852E-03   0.135852E-03
   0.260849E+01   0.140380E-03   0.771527E-04   0.135198E-03   0.135198E-03
   0.261338E+01   0.119160E-03   0.763960E-04   0.134550E-03   0.134550E-03
   0.261826E+01   0.115380E-03   0.767932E-04   0.133908E-03   0.133908E-03
   0.262315E+01   0.144230E-03   0.767211E-04   0.133271E-03   0.133271E-03
   0.262803E+01   0.241350E-03   0.767333E-04   0.132640E-03   0.132640E-03
   0.263292E+01   0.172650E-03   0.765462E-04   0.132014E-03   0.132014E-03
   0.263780E+01   0.190160E-03   0.767591E-04   0.131393E-03   0.131393E-03
   0.264269E+01   0.178510E-03   0.769749E-04   0.130778E-03   0.130778E-03
   0.264758E+01   0.462200E-04   0.763180E-04   0.130168E-03   0.130168E-03
   0.265246E+01   0.184740E-03   0.766272E-04   0.129563E-03   0.129563E-03
   0.265735E+01   0.179790E-03   0.766195E-04   0.128964E-03   0.128964E-03
   0.266223E+01   0.121720E-03   0.765687E-04   0.128369E-03   0.128369E-03
   0.266712E+01   0.164950E-03   0.760270E-04   0.127780E-03   0.127780E-03
   0.267200E+01   0.139500E-03   0.766371E-04   0.127196E-03   0.127196E-03
   0.267689E+01   0.404600E-04   0.767064E-04   0.126617E-03   0.126617E-03
   0.268178E+01   0.570300E-04   0.761860E-04   0.126043E-03   0.126043E-03
   0.268666E+01   0.153850E-03   0.759106E-04   0.125474E-03   0.125474E-03
   0.269155E+01   0.127670E-03   0.763793E-04   0.124910E-03   0.124910E-03
   0.269643E+01   0.116100E-03   0.766692E-04   0.124350E-03   0.124350E-03
   0.270132E+01   0.104470E-03   0.759565E-04   0.123796E-03   0.123796E-03
   0.270620E+01   0.419100E-04   0.759575E-04   0.123246E-03   0.123246E-03
   0.271109E+01   0.809600E-04   0.772311E-04   0.122701E-03   0.122701E-03
   0.271598E+01   0.172800E-04   0.779928E-04   0.122160E-03   0.122160E-03
   0.272086E+01  -0.343000E-04   0.781995E-04   0.121624E-03   0.121624E-03
   0.272575E+01   0.146930E-03   0.786704E-04   0.121093E-03   0.121093E-03
   0.273063E+01   0.153590E-03   0.793170E-04   0.120566E-03   0.120566E-03
   0.273552E+01   0.155860E-03   0.797858E-04   0.120043E-03   0.120043E-03
   0.274040E+01   0.122940E-03   0.794957E-04   0.119525E-03   0.119525E-03
   0.274529E+01   0.522800E-04   0.804710E-04   0.119012E-03   0.119012E-03
   0.275018E+01  -0.317200E-04   0.806916E-04   0.118502E-03   0.118502E-03
   0.275506E+01   0.249200E-04   0.802881E-04   0.117997E-03   0.117997E-03
   0.275995E+01   0.132540E-03   0.809185E-04   0.117496E-03   0.117496E-03
   0.276483E+01   0.170060E-03   0.816900E-04   0.116999E-03   0.116999E-03
   0.276972E+01   0.172390E-03   0.816303E-04   0.116507E-03   0.116507E-03
   0.277461E+01   0.312500E-04   0.808409E-04   0.116018E-03   0.116018E-03
   0.277949E+01   0.252540E-03   0.800290E-04   0.115533E-03   0.115533E-03
   0.278438E+01   0.163400E-04   0.795860E-04   0.115053E-03   0.115053E-03
   0.278926E+01   0.123910E-03   0.794338E-04   0.114576E-03   0.114576E-03
   0.279415E+01  -0.230300E-04   0.789386E-04   0.114103E-03   0.114103E-03
   0.279903E+01   0.159190E-03   0.789300E-04   0.113634E-03   0.113634E-03
   0.280392E+01   0.247130E-03   0.786271E-04   0.113168E-03   0.113168E-03
   0.280880E+01   0.137270E-03   0.780836E-04   0.112706E-03   0.112706E-03
   0.281369E+01   0.123320E-03   0.780607E-04   0.112248E-03   0.112248E-03
   0.281858E+01   0.211800E-03   0.781216E-04   0.111794E-03   0.111794E-03
   0.282346E+01   0.227040E-03   0.785652E-04   0.111343E-03   0.111343E-03
   0.282835E+01   0.231520E-03   0.772812E-04   0.110895E-03   0.110895E-03
   0.283323E+01   0.147800E-04   0.773310E-04   0.110451E-03   0.110451E-03
   0.283812E+01   0.176960E-03   0.779158E-04   0.110010E-03   0.110010E-03
   0.284300E+01   0.155440E-03   0.775037E-04   0.109572E-03   0.109572E-03
   0.284789E+01  -0.309400E-04   0.768328E-04   0.109138E-03   0.109138E-03
   0.285278E+01   0.164650E-03   0.775102E-04   0.108707E-03   0.108707E-03
   0.285766E+01   0.144740E-03   0.777120E-04   0.108279E-03   0.108279E-03
   0.286255E+01   0.157880E-03   0.772294E-04   0.107854E-03   0.107854E-03
   0.286743E+01   0.542900E-04   0.763915E-04   0.107433E-03   0.107433E-03
   0.287232E+01  -0.327700E-04   0.773082E-04   0.107014E-03   0.107014E-03
   0.287721E+01   0.187020E-03   0.768476E-04   0.106598E-03   0.106598E-03
   0.288209E+01   0.581800E-04   0.764991E-04   0.106185E-03   0.106185E-03
   0.288698E+01   0.522800E-04   0.767490E-04   0.105775E-03   0.105775E-03
   0.289186E+01   0.157670E-03   0.768021E-04   0.105368E-03   0.105368E-03
   0.289675E+01   0.644100E-04   0.770142E-04   0.104963E-03   0.104963E-03
   0.290163E+01   0.187950E-03   0.759776E-04   0.104561E-03   0.104561E-03
   0.290652E+01   0.186550E-03   0.763954E-04   0.104162E-03   0.104162E-03
   0.291140E+01   0.148250E-03   0.764418E-04   0.103765E-03   0.103765E-03
   0.291629E+01   0.209670E-03   0.760975E-04   0.103371E-03   0.103371E-03
   0.292118E+01   0.759600E-04   0.758812E-04   0.102980E-03   0.102980E-03
   0.292606E+01   0.865200E-04   0.760012E-04   0.102591E-03   0.102591E-03
   0.293095E+01   0.735000E-04   0.760855E-04   0.102204E-03   0.102204E-03
   0.293583E+01   0.775900E-04   0.755754E-04   0.101819E-03   0.101819E-03
   0.294072E+01   0.680600E-04   0.756047E-04   0.101437E-03   0.101437E-03
   0.294561E+01   0.368600E-04   0.758646E-04   0.101057E-03   0.101057E-03
   0.295049E+01   0.599400E-04   0.757665E-04   0.100680E-03   0.100680E-03
   0.295538E+01  -0.174900E-04   0.751226E-04   0.100304E-03   0.100304E-03
   0.296026E+01   0.640000E-04   0.752774E-04   0.999309E-04   0.999309E-04
   0.296515E+01   0.138520E-03   0.756362E-04   0.995595E-04   0.995595E-04
   0.297003E+01   0.173930E-03   0.754580E-04   0.991903E-04   0.991903E-04
   0.297492E+01   0.402300E-04   0.747573E-04   0.988229E-04   0.988229E-04
   0.297980E+01   0.297400E-04   0.757857E-04   0.984574E-04   0.984574E-04
   0.298469E+01   0.102690E-03   0.750468E-04   0.980939E-04   0.980939E-04
   0.298958E+01   0.126360E-03   0.747972E-04   0.977323E-04   0.977323E-04
   0.299446E+01   0.673800E-04   0.748579E-04   0.973724E-04   0.973724E-04
   0.299935E+01  -0.339000E-04   0.750916E-04   0.970142E-04   0.970142E-04
   0.300423E+01   0.138160E-03   0.754783E-04   0.966578E-04   0.966578E-04
   0.300912E+01   0.472100E-04   0.743678E-04   0.963030E-04   0.963030E-04
   0.301401E+01   0.148730E-03   0.751064E-04   0.959499E-04   0.959499E-04
   0.301889E+01   0.143000E-03   0.749199E-04   0.955983E-04   0.955983E-04
   0.302378E+01   0.142300E-04   0.749074E-04   0.952484E-04   0.952484E-04
   0.302866E+01   0.209000E-04   0.743449E-04   0.948999E-04   0.948999E-04
   0.303355E+01   0.796400E-04   0.747257E-04   0.945528E-04   0.945528E-04
   0.303843E+01   0.582700E-04   0.749520E-04   0.942072E-04   0.942072E-04
   0.304332E+01   0.177000E-03   0.747623E-04   0.938631E-04   0.938631E-04
   0.304820E+01   0.961400E-04   0.742704E-04   0.935202E-04   0.935202E-04
   0.305309E+01   0.210630E-03   0.745594E-04   0.931787E-04   0.931787E-04
   0.305798E+01   0.457900E-04   0.746795E-04   0.928385E-04   0.928385E-04
   0.306286E+01   0.389900E-04   0.745498E-04   0.924995E-04   0.924995E-04
   0.306775E+01   0.171140E-03   0.745308E-04   0.921617E-04   0.921617E-04
   0.307263E+01   0.112420E-03   0.751963E-04   0.918251E-04   0.918251E-04
   0.307752E+01   0.147900E-03   0.752195E-04   0.914897E-04   0.914897E-04
   0.308241E+01   0.637100E-04   0.747052E-04   0.911553E-04   0.911553E-04
   0.308729E+01  -0.105300E-04   0.752314E-04   0.908220E-04   0.908220E-04
   0.309218E+01   0.122080E-03   0.752704E-04   0.904898E-04   0.904898E-04
   0.309706E+01   0.538000E-04   0.752052E-04   0.901586E-04   0.901586E-04
   0.310195E+01   0.608100E-04   0.750316E-04   0.898284E-04   0.898284E-04
   0.310683E+01   0.436600E-04   0.754475E-04   0.894991E-04   0.894991E-04
   0.311172E+01   0.210660E-03   0.755688E-04   0.891709E-04   0.891709E-04
   0.311660E+01   0.129300E-03   0.747129E-04   0.888434E-04   0.888434E-04
   0.312149E+01   0.459900E-04   0.753457E-04   0.885169E-04   0.885169E-04
   0.312638E+01   0.469600E-04   0.753083E-04   0.881912E-04   0.881912E-04
   0.313126E+01   0.148960E-03   0.759873E-04   0.878663E-04   0.878663E-04
   0.313615E+01   0.153400E-03   0.749045E-04   0.875422E-04   0.875422E-04
   0.314103E+01   0.257600E-04   0.755716E-04   0.872189E-04   0.872189E-04
   0.314592E+01   0.938000E-04   0.754509E-04   0.868964E-04   0.868964E-04
   0.315081E+01   0.548900E-04   0.753658E-04   0.865745E-04   0.865745E-04
   0.315569E+01   0.149170E-03   0.752474E-04   0.862534E-04   0.862534E-04
   0.316058E+01   0.869200E-04   0.753867E-04   0.859329E-04   0.859329E-04
   0.316546E+01   0.150540E-03   0.756289E-04   0.856131E-04   0.856131E-04
   0.317035E+01   0.118170E-03   0.749676E-04   0.852940E-04   0.852940E-04
   0.317523E+01   0.250460E-03   0.751333E-04   0.849754E-04   0.849754E-04
   0.318012E+01   0.127070E-03   0.752892E-04   0.846574E-04   0.846574E-04
   0.318500E+01   0.175420E-03   0.758050E-04   0.843401E-04   0.843401E-04
   0.318989E+01   0.412000E-04   0.747921E-04   0.840233E-04   0.840233E-04
   0.319478E+01   0.679700E-04   0.752957E-04   0.837070E-04   0.837070E-04
   0.319966E+01   0.941700E-04   0.754615E-04   0.833913E-04   0.833913E-04
   0.320455E+01   0.893100E-04   0.752376E-04   0.830761E-04   0.830761E-04
   0.320943E+01   0.542100E-04   0.751412E-04   0.827614E-04   0.827614E-04
   0.321432E+01   0.619500E-04   0.756511E-04   0.824471E-04   0.824471E-04
   0.321921E+01   0.176000E-04   0.751356E-04   0.821334E-04   0.821334E-04
   0.322409E+01   0.121990E-03   0.754121E-04   0.818200E-04   0.818200E-04
   0.322898E+01   0.237560E-03   0.754690E-04   0.815072E-04   0.815072E-04
   0.323386E+01   0.183800E-03   0.753479E-04   0.811949E-04   0.811949E-04
   0.323875E+01   0.808200E-04   0.754693E-04   0.808829E-04   0.808829E-04
   0.324363E+01   0.115550E-03   0.750262E-04   0.805713E-04   0.805713E-04
   0.324852E+01   0.245000E-04   0.752960E-04   0.802601E-04   0.802601E-04
   0.325340E+01  -0.281500E-04   0.753676E-04   0.799493E-04   0.799493E-04
   0.325829E+01   0.184420E-03   0.754565E-04   0.796389E-04   0.796389E-04
   0.326318E+01   0.234600E-03   0.751467E-04   0.793289E-04   0.793289E-04
   0.326806E+01   0.183170E-03   0.754199E-04   0.790193E-04   0.790193E-04
   0.327295E+01   0.125800E-03   0.755041E-04   0.787101E-04   0.787101E-04
   0.327783E+01   0.141950E-03   0.751381E-04   0.784011E-04   0.784011E-04
   0.328272E+01  -0.963300E-04   0.755462E-04   0.780926E-04   0.780926E-04
   0.328761E+01   0.134860E-03   0.755841E-04   0.777844E-04   0.777844E-04
   0.329249E+01   0.477800E-04   0.755551E-04   0.774766E-04   0.774766E-04
   0.329738E+01   0.179350E-03   0.749376E-04   0.771691E-04   0.771691E-04
   0.330226E+01   0.594300E-04   0.752853E-04   0.768619E-04   0.768619E-04
   0.330715E+01   0.132080E-03   0.756557E-04   0.765552E-04   0.765552E-04
   0.331203E+01   0.466800E-04   0.751686E-04   0.762487E-04   0.762487E-04
   0.331692E+01   0.148300E-04   0.750156E-04   0.759425E-04   0.759425E-04
   0.332180E+01   0.134920E-03   0.754475E-04   0.756368E-04   0.756368E-04
   0.332669E+01   0.337100E-04   0.754913E-04   0.753313E-04   0.753313E-04
   0.333158E+01   0.660000E-04   0.751199E-04   0.750262E-04   0.750262E-04
   0.333646E+01  -0.696000E-04   0.749189E-04   0.747215E-04   0.747215E-04
   0.334135E+01   0.675000E-05   0.753378E-04   0.744171E-04   0.744171E-04
   0.334623E+01   0.102980E-03   0.752320E-04   0.741130E-04   0.741130E-04
   0.335112E+01  -0.568400E-04   0.749818E-04   0.738093E-04   0.738093E-04
   0.335601E+01   0.511400E-04   0.753491E-04   0.735059E-04   0.735059E-04
   0.336089E+01   0.157500E-03   0.749542E-04   0.732030E-04   0.732030E-04
   0.336578E+01   0.140760E-03   0.754058E-04   0.729004E-04   0.729004E-04
   0.337066E+01   0.104900E-04   0.744901E-04   0.725981E-04   0.725981E-04
   0.337555E+01   0.602000E-05   0.750923E-04   0.722963E-04   0.722963E-04
   0.338043E+01   0.101500E-03   0.751936E-04   0.719948E-04   0.719948E-04
   0.338532E+01   0.953900E-04   0.748838E-04   0.716936E-04   0.716936E-04
   0.339021E+01   0.350500E-04   0.745634E-04   0.713929E-04   0.713929E-04
   0.339509E+01   0.566500E-04   0.747303E-04   0.710926E-04   0.710926E-04
   0.339998E+01   0.784900E-04   0.750707E-04   0.707927E-04   0.707927E-04
   0.340486E+01   0.247100E-04   0.745988E-04   0.704933E-04   0.704933E-04
   0.340975E+01  -0.350500E-04   0.743684E-04   0.701942E-04   0.701942E-04
   0.341463E+01   0.112100E-03   0.749104E-04   0.698956E-04   0.698956E-04
   0.341952E+01   0.115510E-03   0.745471E-04   0.695975E-04   0.695975E-04
   0.342441E+01   0.744600E-04   0.745163E-04   0.692997E-04   0.692997E-04
   0.342929E+01   0.813300E-04   0.745749E-04   0.690026E-04   0.690026E-04
   0.343418E+01   0.534800E-04   0.746745E-04   0.687058E-04   0.687058E-04
   0.343906E+01   0.111370E-03   0.741069E-04   0.684095E-04   0.684095E-04
   0.344395E+01   0.588300E-04   0.746509E-04   0.681137E-04   0.681137E-04
   0.344883E+01   0.763000E-04   0.745284E-04   0.678185E-04   0.678185E-04
   0.345372E+01   0.801100E-04   0.746415E-04   0.675238E-04   0.675238E-04
   0.345861E+01  -0.185100E-04   0.740736E-04   0.672295E-04   0.672295E-04
   0.346349E+01   0.489200E-04   0.743073E-04   0.669359E-04   0.669359E-04
   0.346838E+01   0.251400E-04   0.744064E-04   0.666428E-04   0.666428E-04
   0.347326E+01   0.622900E-04   0.745430E-04   0.663504E-04   0.663504E-04
   0.347815E+01   0.462800E-04   0.740471E-04   0.660584E-04   0.660584E-04
   0.348303E+01   0.210090E-03   0.742873E-04   0.657671E-04   0.657671E-04
   0.348792E+01   0.531800E-04   0.738504E-04   0.654764E-04   0.654764E-04
   0.349281E+01  -0.483100E-04   0.739527E-04   0.651863E-04   0.651863E-04
   0.349769E+01   0.689200E-04   0.739889E-04   0.648969E-04   0.648969E-04
   0.350258E+01   0.268800E-04   0.737310E-04   0.646081E-04   0.646081E-04
   0.350746E+01   0.783300E-04   0.750721E-04   0.643199E-04   0.643199E-04
   0.351235E+01   0.124800E-03   0.756005E-04   0.640325E-04   0.640325E-04
   0.351723E+01   0.310900E-04   0.760588E-04   0.637458E-04   0.637458E-04
   0.352212E+01   0.119210E-03   0.765054E-04   0.634598E-04   0.634598E-04
   0.352701E+01  -0.250000E-05   0.769726E-04   0.631745E-04   0.631745E-04
   0.353189E+01  -0.727800E-04   0.774274E-04   0.628899E-04   0.628899E-04
   0.353678E+01   0.693800E-04   0.782844E-04   0.626062E-04   0.626062E-04
   0.354166E+01   0.617200E-04   0.788033E-04   0.623231E-04   0.623231E-04
   0.354655E+01  -0.636000E-05   0.794509E-04   0.620409E-04   0.620409E-04
   0.355143E+01   0.137820E-03   0.795821E-04   0.617595E-04   0.617595E-04
   0.355632E+01  -0.115970E-03   0.805208E-04   0.614789E-04   0.614789E-04
   0.356121E+01   0.203210E-03   0.804792E-04   0.611991E-04   0.611991E-04
   0.356609E+01   0.148330E-03   0.815629E-04   0.609202E-04   0.609202E-04
   0.357098E+01   0.606400E-04   0.821426E-04   0.606422E-04   0.606422E-04
   0.357586E+01  -0.275100E-04   0.823676E-04   0.603650E-04   0.603650E-04
   0.358075E+01   0.266800E-04   0.826577E-04   0.600888E-04   0.600888E-04
   0.358563E+01  -0.801000E-04   0.831048E-04   0.598135E-04   0.598135E-04
   0.359052E+01   0.843900E-04   0.841023E-04   0.595390E-04   0.595390E-04
   0.359541E+01   0.233460E-03   0.844518E-04   0.592655E-04   0.592655E-04
   0.360029E+01   0.115700E-03   0.847529E-04   0.589930E-04   0.589930E-04
   0.360518E+01  -0.109390E-03   0.845757E-04   0.587215E-04   0.587215E-04
   0.361006E+01   0.101900E-03   0.847801E-04   0.584510E-04   0.584510E-04
   0.361495E+01   0.452900E-04   0.853077E-04   0.581814E-04   0.581814E-04
   0.361984E+01   0.370400E-04   0.856585E-04   0.579129E-04   0.579129E-04
   0.362472E+01   0.100120E-03   0.859804E-04   0.576454E-04   0.576454E-04
   0.362961E+01   0.248000E-05   0.860937E-04   0.573790E-04   0.573790E-04
   0.363449E+01  -0.133090E-03   0.866469E-04   0.571136E-04   0.571136E-04
   0.363938E+01   0.114370E-03   0.871637E-04   0.568494E-04   0.568494E-04
   0.364426E+01   0.117870E-03   0.873091E-04   0.565861E-04   0.565861E-04
   0.364915E+01   0.587100E-04   0.876925E-04   0.563241E-04   0.563241E-04
   0.365403E+01   0.862800E-04   0.877201E-04   0.560631E-04   0.560631E-04
   0.365892E+01   0.418400E-04   0.885572E-04   0.558033E-04   0.558033E-04
   0.366381E+01  -0.319700E-04   0.888901E-04   0.555446E-04   0.555446E-04
   0.366869E+01  -0.668000E-05   0.892812E-04   0.552871E-04   0.552871E-04
   0.367358E+01   0.102050E-03   0.893066E-04   0.550307E-04   0.550307E-04
   0.367846E+01   0.896800E-04   0.889491E-04   0.547756E-04   0.547756E-04
   0.368335E+01  -0.415600E-04   0.892645E-04   0.545217E-04   0.545217E-04
   0.368824E+01  -0.619500E-04   0.896555E-04   0.542690E-04   0.542690E-04
   0.369312E+01   0.556300E-04   0.901291E-04   0.540175E-04   0.540175E-04
   0.369801E+01   0.132280E-03   0.902873E-04   0.537673E-04   0.537673E-04
   0.370289E+01   0.993700E-04   0.902570E-04   0.535183E-04   0.535183E-04
   0.370778E+01   0.202400E-04   0.902052E-04   0.532705E-04   0.532705E-04
   0.371266E+01   0.755100E-04   0.908454E-04   0.530241E-04   0.530241E-04
   0.371755E+01   0.201300E-03   0.914343E-04   0.527791E-04   0.527791E-04
   0.372243E+01  -0.107100E-04   0.912721E-04   0.525352E-04   0.525352E-04
   0.372732E+01   0.230320E-03   0.915966E-04   0.522926E-04   0.522926E-04
   0.373221E+01   0.101540E-03   0.922329E-04   0.520514E-04   0.520514E-04
   0.373709E+01   0.359900E-04   0.918481E-04   0.518115E-04   0.518115E-04
   0.374198E+01   0.324600E-04   0.928882E-04   0.515729E-04   0.515729E-04
   0.374686E+01   0.613400E-04   0.925947E-04   0.513358E-04   0.513358E-04
   0.375175E+01  -0.152600E-04   0.927267E-04   0.511000E-04   0.511000E-04
   0.375664E+01   0.141000E-05   0.931537E-04   0.508655E-04   0.508655E-04
   0.376152E+01  -0.120860E-03   0.933732E-04   0.506324E-04   0.506324E-04
   0.376641E+01  -0.137000E-05   0.941230E-04   0.504008E-04   0.504008E-04
   0.377129E+01   0.318700E-04   0.933432E-04   0.501705E-04   0.501705E-04
   0.377618E+01   0.105440E-03   0.937083E-04   0.499416E-04   0.499416E-04
   0.378106E+01   0.127470E-03   0.943471E-04   0.497142E-04   0.497142E-04
   0.378595E+01   0.123570E-03   0.943756E-04   0.494881E-04   0.494881E-04
   0.379083E+01   0.102200E-04   0.955043E-04   0.492635E-04   0.492635E-04
   0.379572E+01   0.391600E-04   0.951335E-04   0.490403E-04   0.490403E-04
   0.380061E+01  -0.270000E-05   0.949328E-04   0.488186E-04   0.488186E-04
   0.380549E+01   0.100580E-03   0.956424E-04   0.485983E-04   0.485983E-04
   0.381038E+01   0.160750E-03   0.954737E-04   0.483795E-04   0.483795E-04
   0.381526E+01   0.267200E-04   0.962367E-04   0.481621E-04   0.481621E-04
   0.382015E+01   0.358200E-04   0.955252E-04   0.479462E-04   0.479462E-04
   0.382504E+01   0.759200E-04   0.963256E-04   0.477318E-04   0.477318E-04
   0.382992E+01   0.254200E-04   0.959272E-04   0.475188E-04   0.475188E-04
   0.383481E+01   0.683200E-04   0.960008E-04   0.473073E-04   0.473073E-04
   0.383969E+01   0.273640E-03   0.964964E-04   0.470973E-04   0.470973E-04
   0.384458E+01   0.135220E-03   0.959343E-04   0.468887E-04   0.468887E-04
   0.384946E+01   0.665000E-05   0.962530E-04   0.466817E-04   0.466817E-04
   0.385435E+01   0.247300E-04   0.962202E-04   0.464761E-04   0.464761E-04
   0.385923E+01   0.443300E-04   0.965960E-04   0.462720E-04   0.462720E-04
   0.386412E+01   0.120770E-03   0.967588E-04   0.460694E-04   0.460694E-04
   0.386901E+01  -0.678000E-05   0.959947E-04   0.458684E-04   0.458684E-04
   0.387389E+01  -0.158130E-03   0.968500E-04   0.456687E-04   0.456687E-04
   0.387878E+01   0.272000E-04   0.962006E-04   0.454706E-04   0.454706E-04
   0.388366E+01   0.311720E-03   0.967310E-04   0.452740E-04   0.452740E-04
   0.388855E+01  -0.776400E-04   0.970487E-04   0.450789E-04   0.450789E-04
   0.389344E+01   0.121410E-03   0.962825E-04   0.448853E-04   0.448853E-04
   0.389832E+01  -0.471700E-04   0.966810E-04   0.446931E-04   0.446931E-04
   0.390321E+01   0.930700E-04   0.970006E-04   0.445025E-04   0.445025E-04
   0.390809E+01  -0.110080E-03   0.966304E-04   0.443134E-04   0.443134E-04
   0.391298E+01  -0.223600E-04   0.970633E-04   0.441257E-04   0.441257E-04
   0.391786E+01   0.147370E-03   0.970722E-04   0.439395E-04   0.439395E-04
   0.392275E+01   0.142260E-03   0.972532E-04   0.437548E-04   0.437548E-04
   0.392763E+01   0.217000E-04   0.969287E-04   0.435716E-04   0.435716E-04
   0.393252E+01   0.325100E-04   0.972812E-04   0.433899E-04   0.433899E-04
   0.393741E+01   0.100600E-03   0.973599E-04   0.432096E-04   0.432096E-04
   0.394229E+01  -0.992300E-04   0.971007E-04   0.430308E-04   0.430308E-04
   0.394718E+01  -0.187900E-04   0.976752E-04   0.428535E-04   0.428535E-04
   0.395206E+01   0.588400E-04   0.977958E-04   0.426776E-04   0.426776E-04
   0.395695E+01   0.330060E-03   0.980181E-04   0.425032E-04   0.425032E-04
   0.396184E+01   0.111410E-03   0.981524E-04   0.423302E-04   0.423302E-04
   0.396672E+01   0.110870E-03   0.976094E-04   0.421587E-04   0.421587E-04
   0.397161E+01  -0.495700E-04   0.979887E-04   0.419886E-04   0.419886E-04
   0.397649E+01  -0.605300E-04   0.976956E-04   0.418200E-04   0.418200E-04
   0.398138E+01   0.649500E-04   0.981710E-04   0.416528E-04   0.416528E-04
   0.398626E+01   0.345500E-04   0.982462E-04   0.414870E-04   0.414870E-04
   0.399115E+01   0.715700E-04   0.983125E-04   0.413226E-04   0.413226E-04
   0.399604E+01  -0.373500E-04   0.977270E-04   0.411596E-04   0.411596E-04
   0.400092E+01   0.183780E-03   0.976006E-04   0.409980E-04   0.409980E-04
   0.400581E+01  -0.233000E-05   0.983283E-04   0.408378E-04   0.408378E-04
   0.401069E+01   0.721300E-04   0.980229E-04   0.406790E-04   0.406790E-04
   0.401558E+01   0.467600E-04   0.975089E-04   0.405216E-04   0.405216E-04
   0.402046E+01   0.133680E-03   0.976431E-04   0.403655E-04   0.403655E-04
   0.402535E+01   0.386700E-04   0.976599E-04   0.402108E-04   0.402108E-04
   0.403024E+01   0.463100E-04   0.982045E-04   0.400574E-04   0.400574E-04
   0.403512E+01  -0.116570E-03   0.983845E-04   0.399054E-04   0.399054E-04
   0.404001E+01   0.191500E-04   0.976493E-04   0.397546E-04   0.397546E-04
   0.404489E+01   0.160000E-06   0.979115E-04   0.396052E-04   0.396052E-04
   0.404978E+01   0.767000E-05   0.984610E-04   0.394571E-04   0.394571E-04
   0.405466E+01   0.161840E-03   0.984858E-04   0.393103E-04   0.393103E-04
   0.405955E+01   0.125400E-04   0.982843E-04   0.391648E-04   0.391648E-04
   0.406443E+01   0.876200E-04   0.986738E-04   0.390206E-04   0.390206E-04
   0.406932E+01   0.138440E-03   0.979415E-04   0.388776E-04   0.388776E-04
   0.407421E+01  -0.358900E-04   0.984395E-04   0.387358E-04   0.387358E-04
   0.407909E+01   0.772000E-05   0.988869E-04   0.385954E-04   0.385954E-04
   0.408398E+01  -0.179700E-04   0.991123E-04   0.384561E-04   0.384561E-04
   0.408886E+01   0.112850E-03   0.994189E-04   0.383180E-04   0.383180E-04
   0.409375E+01   0.518800E-04   0.991392E-04   0.381811E-04   0.381811E-04
   0.409863E+01   0.895300E-04   0.995608E-04   0.380455E-04   0.380455E-04
   0.410352E+01   0.653700E-04   0.100392E-03   0.379110E-04   0.379110E-04
   0.410841E+01   0.490700E-04   0.100315E-03   0.377777E-04   0.377777E-04
   0.411329E+01   0.870700E-04   0.100610E-03   0.376455E-04   0.376455E-04
   0.411818E+01  -0.162960E-03   0.100208E-03   0.375145E-04   0.375145E-04
   0.412306E+01  -0.897600E-04   0.100819E-03   0.373845E-04   0.373845E-04
   0.412795E+01   0.260700E-04   0.101429E-03   0.372557E-04   0.372557E-04
   0.413284E+01   0.111500E-03   0.101264E-03   0.371280E-04   0.371280E-04
   0.413772E+01   0.121140E-03   0.102354E-03   0.370014E-04   0.370014E-04
   0.414261E+01   0.178100E-04   0.102388E-03   0.368759E-04   0.368759E-04
   0.414749E+01   0.123630E-03   0.101907E-03   0.367514E-04   0.367514E-04
   0.415238E+01   0.571900E-04   0.103127E-03   0.366279E-04   0.366279E-04
   0.415726E+01   0.901200E-04   0.103444E-03   0.365055E-04   0.365055E-04
   0.416215E+01  -0.743800E-04   0.104016E-03   0.363841E-04   0.363841E-04
   0.416704E+01   0.141990E-03   0.103557E-03   0.362637E-04   0.362637E-04
   0.417192E+01   0.339400E-04   0.104430E-03   0.361443E-04   0.361443E-04
   0.417681E+01   0.680800E-04   0.104681E-03   0.360258E-04   0.360258E-04
   0.418169E+01   0.759500E-04   0.105205E-03   0.359084E-04   0.359084E-04
   0.418658E+01   0.562000E-05   0.105567E-03   0.357918E-04   0.357918E-04
   0.419146E+01  -0.453300E-04   0.105281E-03   0.356762E-04   0.356762E-04
   0.419635E+01   0.204050E-03   0.106145E-03   0.355615E-04   0.355615E-04
   0.420124E+01   0.141920E-03   0.106011E-03   0.354477E-04   0.354477E-04
   0.420612E+01   0.544000E-04   0.106836E-03   0.353348E-04   0.353348E-04
   0.421101E+01   0.140750E-03   0.107802E-03   0.352227E-04   0.352227E-04
   0.421589E+01  -0.101890E-03   0.106766E-03   0.351115E-04   0.351115E-04
   0.422078E+01   0.137610E-03   0.107710E-03   0.350012E-04   0.350012E-04
   0.422566E+01  -0.645800E-04   0.107551E-03   0.348917E-04   0.348917E-04
   0.423055E+01  -0.382400E-04   0.108798E-03   0.347830E-04   0.347830E-04
   0.423544E+01   0.160940E-03   0.109363E-03   0.346751E-04   0.346751E-04
   0.424032E+01   0.150180E-03   0.108592E-03   0.345680E-04   0.345680E-04
   0.424521E+01  -0.153570E-03   0.109021E-03   0.344616E-04   0.344616E-04
   0.425009E+01  -0.103000E-04   0.109833E-03   0.343560E-04   0.343560E-04
   0.425498E+01   0.327800E-04   0.110451E-03   0.342512E-04   0.342512E-04
   0.425986E+01  -0.108790E-03   0.110673E-03   0.341471E-04   0.341471E-04
   0.426475E+01   0.557500E-04   0.110467E-03   0.340436E-04   0.340436E-04
   0.426964E+01  -0.106880E-03   0.111333E-03   0.339409E-04   0.339409E-04
   0.427452E+01   0.224270E-03   0.111500E-03   0.338389E-04   0.338389E-04
   0.427941E+01   0.471600E-04   0.111943E-03   0.337375E-04   0.337375E-04
   0.428429E+01  -0.687200E-04   0.112347E-03   0.336368E-04   0.336368E-04
   0.428918E+01   0.844000E-04   0.112461E-03   0.335368E-04   0.335368E-04
   0.429406E+01  -0.265800E-04   0.112258E-03   0.334373E-04   0.334373E-04
   0.429895E+01   0.154240E-03   0.113550E-03   0.333385E-04   0.333385E-04
   0.430384E+01   0.183240E-03   0.114382E-03   0.332403E-04   0.332403E-04
   0.430872E+01   0.475200E-04   0.114177E-03   0.331427E-04   0.331427E-04
   0.431361E+01  -0.675000E-04   0.113937E-03   0.330456E-04   0.330456E-04
   0.431849E+01   0.569000E-04   0.115050E-03   0.329491E-04   0.329491E-04
   0.432338E+01   0.202900E-04   0.114942E-03   0.328531E-04   0.328531E-04
   0.432826E+01   0.669200E-04   0.116302E-03   0.327577E-04   0.327577E-04
   0.433315E+01  -0.433000E-04   0.116504E-03   0.326628E-04   0.326628E-04
   0.433804E+01   0.819000E-04   0.116893E-03   0.325685E-04   0.325685E-04
   0.434292E+01  -0.208030E-03   0.116692E-03   0.324746E-04   0.324746E-04
   0.434781E+01  -0.537200E-04   0.116822E-03   0.323812E-04   0.323812E-04
   0.435269E+01  -0.181100E-04   0.118330E-03   0.322883E-04   0.322883E-04
   0.435758E+01  -0.621400E-04   0.118173E-03   0.321958E-04   0.321958E-04
   0.436246E+01   0.125800E-04   0.117451E-03   0.321038E-04   0.321038E-04
   0.436735E+01   0.857000E-05   0.119012E-03   0.320122E-04   0.320122E-04
   0.437224E+01   0.350500E-04   0.118911E-03   0.319211E-04   0.319211E-04
   0.437712E+01  -0.808100E-04   0.119917E-03   0.318303E-04   0.318303E-04
   0.438201E+01   0.179000E-05   0.120184E-03   0.317400E-04   0.317400E-04
   0.438689E+01   0.511600E-04   0.119484E-03   0.316501E-04   0.316501E-04
   0.439178E+01   0.181000E-03   0.120833E-03   0.315605E-04   0.315605E-04
   0.439666E+01  -0.147500E-04   0.121044E-03   0.314714E-04   0.314714E-04
   0.440155E+01  -0.277300E-04   0.121807E-03   0.313825E-04   0.313825E-04
   0.440644E+01   0.526500E-04   0.121932E-03   0.312941E-04   0.312941E-04
   0.441132E+01  -0.660300E-04   0.121147E-03   0.312059E-04   0.312059E-04
   0.441621E+01   0.773500E-04   0.122134E-03   0.311181E-04   0.311181E-04
   0.442109E+01  -0.306300E-04   0.122168E-03   0.310307E-04   0.310307E-04
   0.442598E+01   0.907500E-04   0.123539E-03   0.309435E-04   0.309435E-04
   0.443086E+01   0.103320E-03   0.124212E-03   0.308566E-04   0.308566E-04
   0.443575E+01   0.424100E-04   0.123617E-03   0.307701E-04   0.307701E-04
   0.444064E+01   0.128990E-03   0.123631E-03   0.306838E-04   0.306838E-04
   0.444552E+01   0.713700E-04   0.125029E-03   0.305978E-04   0.305978E-04
   0.445041E+01  -0.201360E-03   0.127209E-03   0.305121E-04   0.305121E-04
   0.445529E+01  -0.425100E-04   0.128586E-03   0.304267E-04   0.304267E-04
   0.446018E+01  -0.108060E-03   0.128605E-03   0.303416E-04   0.303416E-04
   0.446507E+01   0.810700E-04   0.129099E-03   0.302565E-04   0.302565E-04
   0.446995E+01  -0.891300E-04   0.129682E-03   0.301718E-04   0.301718E-04
   0.447484E+01   0.325170E-03   0.130641E-03   0.300873E-04   0.300873E-04
   0.447972E+01   0.139090E-03   0.132343E-03   0.300030E-04   0.300030E-04
   0.448461E+01  -0.105160E-03   0.131927E-03   0.299190E-04   0.299190E-04
   0.448949E+01   0.218450E-03   0.131925E-03   0.298352E-04   0.298352E-04
   0.449438E+01   0.895600E-04   0.133371E-03   0.297516E-04   0.297516E-04
   0.449927E+01  -0.702900E-04   0.134228E-03   0.296682E-04   0.296682E-04
   0.450415E+01   0.537500E-04   0.135244E-03   0.295849E-04   0.295849E-04
   0.450904E+01  -0.275780E-03   0.133969E-03   0.295019E-04   0.295019E-04
   0.451392E+01   0.120430E-03   0.134952E-03   0.294191E-04   0.294191E-04
   0.451881E+01  -0.316630E-03   0.135421E-03   0.293364E-04   0.293364E-04
   0.452369E+01  -0.487200E-04   0.136762E-03   0.292540E-04   0.292540E-04
   0.452858E+01   0.107640E-03   0.137871E-03   0.291716E-04   0.291716E-04
   0.453346E+01   0.287540E-03   0.137577E-03   0.290895E-04   0.290895E-04
   0.453835E+01  -0.260700E-04   0.137271E-03   0.290075E-04   0.290075E-04
   0.454324E+01  -0.384500E-04   0.137486E-03   0.289257E-04   0.289257E-04
   0.454812E+01   0.102570E-03   0.139760E-03   0.288441E-04   0.288441E-04
   0.455301E+01   0.323550E-03   0.140358E-03   0.287626E-04   0.287626E-04
   0.455789E+01   0.124870E-03   0.140527E-03   0.286812E-04   0.286812E-04
   0.456278E+01  -0.386100E-04   0.140420E-03   0.286000E-04   0.286000E-04
   0.456766E+01  -0.189260E-03   0.140597E-03   0.285190E-04   0.285190E-04
   0.457255E+01  -0.417000E-04   0.141919E-03   0.284381E-04   0.284381E-04
   0.457744E+01   0.120850E-03   0.142327E-03   0.283573E-04   0.283573E-04
   0.458232E+01  -0.236140E-03   0.143264E-03   0.282767E-04   0.282767E-04
   0.458721E+01   0.178010E-03   0.143471E-03   0.281962E-04   0.281962E-04
   0.459209E+01  -0.396200E-04   0.143900E-03   0.281159E-04   0.281159E-04
   0.459698E+01   0.149160E-03   0.144578E-03   0.280357E-04   0.280357E-04
   0.460187E+01  -0.116100E-04   0.145911E-03   0.279556E-04   0.279556E-04
   0.460675E+01   0.115310E-03   0.146557E-03   0.278757E-04   0.278757E-04
   0.461164E+01   0.796600E-04   0.144913E-03   0.277959E-04   0.277959E-04
   0.461652E+01  -0.912400E-04   0.146858E-03   0.277162E-04   0.277162E-04
   0.462141E+01  -0.125170E-03   0.146464E-03   0.276367E-04   0.276367E-04
   0.462629E+01   0.123400E-03   0.148681E-03   0.275573E-04   0.275573E-04
   0.463118E+01   0.174560E-03   0.150212E-03   0.274781E-04   0.274781E-04
   0.463607E+01  -0.457100E-04   0.146749E-03   0.273990E-04   0.273990E-04
   0.464095E+01   0.359920E-03   0.147684E-03   0.273200E-04   0.273200E-04
   0.464584E+01  -0.160240E-03   0.149135E-03   0.272412E-04   0.272412E-04
   0.465072E+01   0.134670E-03   0.150302E-03   0.271625E-04   0.271625E-04
   0.465561E+01  -0.215570E-03   0.151740E-03   0.270839E-04   0.270839E-04
   0.466049E+01   0.111180E-03   0.149905E-03   0.270055E-04   0.270055E-04
   0.466538E+01  -0.130400E-03   0.151746E-03   0.269272E-04   0.269272E-04
   0.467026E+01  -0.699400E-04   0.152023E-03   0.268491E-04   0.268491E-04
   0.467515E+01  -0.226030E-03   0.152542E-03   0.267712E-04   0.267712E-04
   0.468004E+01  -0.245800E-03   0.154621E-03   0.266934E-04   0.266934E-04
   0.468492E+01   0.404200E-04   0.152243E-03   0.266157E-04   0.266157E-04
   0.468981E+01   0.801000E-05   0.154224E-03   0.265382E-04   0.265382E-04
   0.469469E+01   0.190500E-03   0.156125E-03   0.264608E-04   0.264608E-04
   0.469958E+01   0.108500E-03   0.155583E-03   0.263837E-04   0.263837E-04
   0.470446E+01   0.190990E-03   0.158609E-03   0.263067E-04   0.263067E-04
   0.470935E+01  -0.368700E-04   0.155344E-03   0.262298E-04   0.262298E-04
   0.471424E+01   0.941900E-04   0.156633E-03   0.261533E-04   0.261533E-04
   0.471912E+01   0.320300E-04   0.158483E-03   0.260767E-04   0.260767E-04
   0.472401E+01  -0.292500E-04   0.157912E-03   0.260004E-04   0.260004E-04
   0.472889E+01  -0.157130E-03   0.163513E-03   0.259242E-04   0.259242E-04
   0.473378E+01  -0.143200E-03   0.158687E-03   0.258483E-04   0.258483E-04
   0.473867E+01  -0.298400E-04   0.159546E-03   0.257726E-04   0.257726E-04
   0.474355E+01  -0.796000E-05   0.161012E-03   0.256970E-04   0.256970E-04
   0.474844E+01  -0.246200E-04   0.162599E-03   0.256217E-04   0.256217E-04
   0.475332E+01   0.498900E-04   0.165429E-03   0.255465E-04   0.255465E-04
   0.475821E+01  -0.425900E-04   0.162344E-03   0.254716E-04   0.254716E-04
   0.476309E+01  -0.276970E-03   0.163961E-03   0.253969E-04   0.253969E-04
   0.476798E+01  -0.152610E-03   0.163425E-03   0.253224E-04   0.253224E-04
   0.477287E+01   0.116280E-03   0.165358E-03   0.252482E-04   0.252482E-04
   0.477775E+01   0.180000E-03   0.168645E-03   0.251741E-04   0.251741E-04
   0.478264E+01  -0.232780E-03   0.165515E-03   0.251003E-04   0.251003E-04
   0.478752E+01   0.567600E-04   0.166512E-03   0.250268E-04   0.250268E-04
   0.479241E+01   0.311410E-03   0.167550E-03   0.249534E-04   0.249534E-04
   0.479729E+01  -0.905700E-04   0.170719E-03   0.248804E-04   0.248804E-04
   0.480218E+01  -0.430200E-04   0.170569E-03   0.248076E-04   0.248076E-04
   0.480706E+01   0.412100E-04   0.169169E-03   0.247350E-04   0.247350E-04
   0.481195E+01   0.836400E-04   0.170392E-03   0.246627E-04   0.246627E-04
   0.481684E+01   0.285530E-03   0.169903E-03   0.245907E-04   0.245907E-04
   0.482172E+01  -0.310000E-05   0.171406E-03   0.245190E-04   0.245190E-04
   0.482661E+01   0.218040E-03   0.175614E-03   0.244476E-04   0.244476E-04
   0.483149E+01  -0.179620E-03   0.173984E-03   0.243764E-04   0.243764E-04
   0.483638E+01   0.223080E-03   0.173591E-03   0.243055E-04   0.243055E-04
   0.484126E+01   0.238210E-03   0.174235E-03   0.242350E-04   0.242350E-04
   0.484615E+01   0.815900E-04   0.175851E-03   0.241647E-04   0.241647E-04
   0.485104E+01  -0.116400E-03   0.180199E-03   0.240948E-04   0.240948E-04
   0.485592E+01   0.550750E-03   0.177019E-03   0.240251E-04   0.240251E-04
   0.486081E+01   0.173160E-03   0.177984E-03   0.239558E-04   0.239558E-04
   0.486569E+01  -0.267700E-04   0.178116E-03   0.238868E-04   0.238868E-04
   0.487058E+01  -0.175680E-03   0.178935E-03   0.238182E-04   0.238182E-04
   0.487547E+01   0.499100E-04   0.183615E-03   0.237499E-04   0.237499E-04
   0.488035E+01  -0.331600E-03   0.182276E-03   0.236819E-04   0.236819E-04
   0.488524E+01   0.726600E-04   0.181520E-03   0.236143E-04   0.236143E-04
   0.489012E+01   0.241430E-03   0.182671E-03   0.235471E-04   0.235471E-04
   0.489501E+01   0.602200E-04   0.182985E-03   0.234802E-04   0.234802E-04
   0.489989E+01   0.129440E-03   0.186546E-03   0.234136E-04   0.234136E-04
   0.490478E+01  -0.371300E-04   0.187056E-03   0.233475E-04   0.233475E-04
   0.490967E+01  -0.261030E-03   0.185248E-03   0.232817E-04   0.232817E-04
   0.491455E+01   0.132050E-03   0.187604E-03   0.232163E-04   0.232163E-04
   0.491944E+01   0.317560E-03   0.187165E-03   0.231513E-04   0.231513E-04
   0.492432E+01   0.491000E-05   0.190193E-03   0.230867E-04   0.230867E-04
   0.492921E+01  -0.254560E-03   0.212280E-03   0.230225E-04   0.230225E-04
   0.493409E+01  -0.157500E-04   0.314240E-03   0.229587E-04   0.229587E-04
   0.493898E+01   0.337560E-03   0.373096E-03   0.228953E-04   0.228953E-04
   0.494386E+01   0.102190E-02   0.443879E-03   0.228323E-04   0.228323E-04
   0.494875E+01  -0.608330E-03   0.539744E-03   0.227697E-04   0.227697E-04
   0.495364E+01  -0.304180E-03   0.654425E-03   0.227076E-04   0.227076E-04
   0.495852E+01   0.179940E-03   0.842211E-03   0.226459E-04   0.226459E-04

           ####      Real Space Data                               ####

           Distance distribution  function of particle  


      R          P(R)      ERROR

  0.0000E+00  0.0000E+00  0.0000E+00
  0.1980E-01  0.9174E-06  0.2458E-06
  0.3960E-01  0.1874E-05  0.4639E-06
  0.5940E-01  0.2869E-05  0.6545E-06
  0.7920E-01  0.3902E-05  0.8181E-06
  0.9900E-01  0.4973E-05  0.9553E-06
  0.1188E+00  0.6080E-05  0.1067E-05
  0.1386E+00  0.7222E-05  0.1153E-05
  0.1584E+00  0.8399E-05  0.1216E-05
  0.1782E+00  0.9609E-05  0.1257E-05
  0.1980E+00  0.1085E-04  0.1276E-05
  0.2178E+00  0.1212E-04  0.1275E-05
  0.2376E+00  0.1342E-04  0.1257E-05
  0.2574E+00  0.1474E-04  0.1223E-05
  0.2772E+00  0.1609E-04  0.1175E-05
  0.2970E+00  0.1745E-04  0.1115E-05
  0.3168E+00  0.1884E-04  0.1047E-05
  0.3366E+00  0.2024E-04  0.9752E-06
  0.3564E+00  0.2165E-04  0.9026E-06
  0.3762E+00  0.2308E-04  0.8352E-06
  0.3960E+00  0.2451E-04  0.7793E-06
  0.4158E+00  0.2595E-04  0.7420E-06
  0.4356E+00  0.2739E-04  0.7294E-06
  0.4554E+00  0.2882E-04  0.7446E-06
  0.4752E+00  0.3026E-04  0.7869E-06
  0.4950E+00  0.3169E-04  0.8516E-06
  0.5148E+00  0.3310E-04  0.9328E-06
  0.5346E+00  0.3451E-04  0.1025E-05
  0.5544E+00  0.3590E-04  0.1122E-05
  0.5742E+00  0.3727E-04  0.1221E-05
  0.5940E+00  0.3863E-04  0.1318E-05
  0.6138E+00  0.3996E-04  0.1411E-05
  0.6336E+00  0.4126E-04  0.1498E-05
  0.6534E+00  0.4254E-04  0.1577E-05
  0.6732E+00  0.4378E-04  0.1648E-05
  0.6930E+00  0.4499E-04  0.1708E-05
  0.7128E+00  0.4617E-04  0.1759E-05
  0.7326E+00  0.4732E-04  0.1798E-05
  0.7524E+00  0.4842E-04  0.1826E-05
  0.7722E+00  0.4949E-04  0.1842E-05
  0.7920E+00  0.5051E-04  0.1848E-05
  0.8118E+00  0.5149E-04  0.1843E-05
  0.8316E+00  0.5243E-04  0.1828E-05
  0.8514E+00  0.5333E-04  0.1803E-05
  0.8712E+00  0.5418E-04  0.1770E-05
  0.8910E+00  0.5498E-04  0.1729E-05
  0.9108E+00  0.5574E-04  0.1683E-05
  0.9306E+00  0.5645E-04  0.1633E-05
  0.9504E+00  0.5712E-04  0.1581E-05
  0.9702E+00  0.5774E-04  0.1529E-05
  0.9900E+00  0.5831E-04  0.1481E-05
  0.1010E+01  0.5884E-04  0.1437E-05
  0.1030E+01  0.5932E-04  0.1403E-05
  0.1049E+01  0.5976E-04  0.1378E-05
  0.1069E+01  0.6015E-04  0.1367E-05
  0.1089E+01  0.6050E-04  0.1370E-05
  0.1109E+01  0.6081E-04  0.1387E-05
  0.1129E+01  0.6108E-04  0.1419E-05
  0.1148E+01  0.6130E-04  0.1464E-05
  0.1168E+01  0.6150E-04  0.1519E-05
  0.1188E+01  0.6165E-04  0.1583E-05
  0.1208E+01  0.6177E-04  0.1653E-05
  0.1228E+01  0.6185E-04  0.1727E-05
  0.1247E+01  0.6191E-04  0.1802E-05
  0.1267E+01  0.6193E-04  0.1876E-05
  0.1287E+01  0.6192E-04  0.1948E-05
  0.1307E+01  0.6189E-04  0.2016E-05
  0.1327E+01  0.6183E-04  0.2079E-05
  0.1346E+01  0.6175E-04  0.2135E-05
  0.1366E+01  0.6164E-04  0.2185E-05
  0.1386E+01  0.6152E-04  0.2226E-05
  0.1406E+01  0.6137E-04  0.2259E-05
  0.1426E+01  0.6121E-04  0.2283E-05
  0.1445E+01  0.6104E-04  0.2299E-05
  0.1465E+01  0.6085E-04  0.2306E-05
  0.1485E+01  0.6065E-04  0.2304E-05
  0.1505E+01  0.6043E-04  0.2295E-05
  0.1525E+01  0.6021E-04  0.2278E-05
  0.1544E+01  0.5998E-04  0.2254E-05
  0.1564E+01  0.5974E-04  0.2224E-05
  0.1584E+01  0.5949E-04  0.2190E-05
  0.1604E+01  0.5924E-04  0.2153E-05
  0.1624E+01  0.5899E-04  0.2113E-05
  0.1643E+01  0.5873E-04  0.2073E-05
  0.1663E+01  0.5847E-04  0.2034E-05
  0.1683E+01  0.5820E-04  0.1997E-05
  0.1703E+01  0.5793E-04  0.1965E-05
  0.1723E+01  0.5767E-04  0.1939E-05
  0.1742E+01  0.5740E-04  0.1920E-05
  0.1762E+01  0.5712E-04  0.1908E-05
  0.1782E+01  0.5685E-04  0.1906E-05
  0.1802E+01  0.5658E-04  0.1912E-05
  0.1822E+01  0.5630E-04  0.1928E-05
  0.1841E+01  0.5603E-04  0.1952E-05
  0.1861E+01  0.5575E-04  0.1983E-05
  0.1881E+01  0.5547E-04  0.2020E-05
  0.1901E+01  0.5519E-04  0.2062E-05
  0.1921E+01  0.5490E-04  0.2108E-05
  0.1940E+01  0.5462E-04  0.2156E-05
  0.1960E+01  0.5432E-04  0.2204E-05
  0.1980E+01  0.5403E-04  0.2252E-05
  0.2000E+01  0.5373E-04  0.2297E-05
  0.2020E+01  0.5343E-04  0.2340E-05
  0.2039E+01  0.5311E-04  0.2379E-05
  0.2059E+01  0.5280E-04  0.2413E-05
  0.2079E+01  0.5247E-04  0.2442E-05
  0.2099E+01  0.5214E-04  0.2466E-05
  0.2119E+01  0.5180E-04  0.2485E-05
  0.2138E+01  0.5146E-04  0.2497E-05
  0.2158E+01  0.5110E-04  0.2505E-05
  0.2178E+01  0.5073E-04  0.2507E-05
  0.2198E+01  0.5036E-04  0.2505E-05
  0.2218E+01  0.4997E-04  0.2499E-05
  0.2237E+01  0.4958E-04  0.2490E-05
  0.2257E+01  0.4917E-04  0.2478E-05
  0.2277E+01  0.4875E-04  0.2465E-05
  0.2297E+01  0.4832E-04  0.2452E-05
  0.2317E+01  0.4788E-04  0.2440E-05
  0.2336E+01  0.4743E-04  0.2431E-05
  0.2356E+01  0.4696E-04  0.2424E-05
  0.2376E+01  0.4649E-04  0.2421E-05
  0.2396E+01  0.4600E-04  0.2424E-05
  0.2416E+01  0.4550E-04  0.2432E-05
  0.2435E+01  0.4500E-04  0.2446E-05
  0.2455E+01  0.4448E-04  0.2466E-05
  0.2475E+01  0.4395E-04  0.2492E-05
  0.2495E+01  0.4342E-04  0.2523E-05
  0.2515E+01  0.4288E-04  0.2560E-05
  0.2534E+01  0.4232E-04  0.2602E-05
  0.2554E+01  0.4177E-04  0.2646E-05
  0.2574E+01  0.4120E-04  0.2693E-05
  0.2594E+01  0.4063E-04  0.2741E-05
  0.2614E+01  0.4006E-04  0.2790E-05
  0.2633E+01  0.3948E-04  0.2837E-05
  0.2653E+01  0.3890E-04  0.2883E-05
  0.2673E+01  0.3831E-04  0.2925E-05
  0.2693E+01  0.3773E-04  0.2964E-05
  0.2713E+01  0.3714E-04  0.2998E-05
  0.2732E+01  0.3656E-04  0.3026E-05
  0.2752E+01  0.3598E-04  0.3048E-05
  0.2772E+01  0.3540E-04  0.3064E-05
  0.2792E+01  0.3482E-04  0.3073E-05
  0.2812E+01  0.3425E-04  0.3075E-05
  0.2831E+01  0.3368E-04  0.3070E-05
  0.2851E+01  0.3312E-04  0.3059E-05
  0.2871E+01  0.3256E-04  0.3040E-05
  0.2891E+01  0.3202E-04  0.3015E-05
  0.2911E+01  0.3148E-04  0.2984E-05
  0.2930E+01  0.3095E-04  0.2948E-05
  0.2950E+01  0.3043E-04  0.2908E-05
  0.2970E+01  0.2992E-04  0.2864E-05
  0.2990E+01  0.2942E-04  0.2818E-05
  0.3010E+01  0.2893E-04  0.2770E-05
  0.3029E+01  0.2845E-04  0.2722E-05
  0.3049E+01  0.2798E-04  0.2676E-05
  0.3069E+01  0.2753E-04  0.2632E-05
  0.3089E+01  0.2708E-04  0.2593E-05
  0.3109E+01  0.2665E-04  0.2558E-05
  0.3128E+01  0.2623E-04  0.2531E-05
  0.3148E+01  0.2582E-04  0.2511E-05
  0.3168E+01  0.2543E-04  0.2499E-05
  0.3188E+01  0.2504E-04  0.2496E-05
  0.3208E+01  0.2467E-04  0.2503E-05
  0.3227E+01  0.2430E-04  0.2519E-05
  0.3247E+01  0.2395E-04  0.2544E-05
  0.3267E+01  0.2361E-04  0.2577E-05
  0.3287E+01  0.2328E-04  0.2617E-05
  0.3307E+01  0.2295E-04  0.2664E-05
  0.3326E+01  0.2264E-04  0.2717E-05
  0.3346E+01  0.2233E-04  0.2773E-05
  0.3366E+01  0.2204E-04  0.2832E-05
  0.3386E+01  0.2175E-04  0.2893E-05
  0.3406E+01  0.2146E-04  0.2955E-05
  0.3425E+01  0.2118E-04  0.3016E-05
  0.3445E+01  0.2091E-04  0.3075E-05
  0.3465E+01  0.2064E-04  0.3133E-05
  0.3485E+01  0.2038E-04  0.3188E-05
  0.3505E+01  0.2012E-04  0.3239E-05
  0.3524E+01  0.1987E-04  0.3287E-05
  0.3544E+01  0.1961E-04  0.3330E-05
  0.3564E+01  0.1936E-04  0.3369E-05
  0.3584E+01  0.1911E-04  0.3403E-05
  0.3604E+01  0.1886E-04  0.3433E-05
  0.3623E+01  0.1862E-04  0.3458E-05
  0.3643E+01  0.1837E-04  0.3477E-05
  0.3663E+01  0.1813E-04  0.3493E-05
  0.3683E+01  0.1788E-04  0.3504E-05
  0.3703E+01  0.1764E-04  0.3510E-05
  0.3722E+01  0.1739E-04  0.3513E-05
  0.3742E+01  0.1715E-04  0.3512E-05
  0.3762E+01  0.1690E-04  0.3508E-05
  0.3782E+01  0.1666E-04  0.3501E-05
  0.3802E+01  0.1641E-04  0.3491E-05
  0.3821E+01  0.1617E-04  0.3478E-05
  0.3841E+01  0.1592E-04  0.3464E-05
  0.3861E+01  0.1568E-04  0.3447E-05
  0.3881E+01  0.1543E-04  0.3429E-05
  0.3901E+01  0.1519E-04  0.3410E-05
  0.3920E+01  0.1495E-04  0.3389E-05
  0.3940E+01  0.1471E-04  0.3368E-05
  0.3960E+01  0.1447E-04  0.3346E-05
  0.3980E+01  0.1423E-04  0.3324E-05
  0.4000E+01  0.1400E-04  0.3302E-05
  0.4019E+01  0.1377E-04  0.3279E-05
  0.4039E+01  0.1355E-04  0.3258E-05
  0.4059E+01  0.1332E-04  0.3237E-05
  0.4079E+01  0.1310E-04  0.3217E-05
  0.4099E+01  0.1289E-04  0.3199E-05
  0.4118E+01  0.1268E-04  0.3182E-05
  0.4138E+01  0.1247E-04  0.3169E-05
  0.4158E+01  0.1227E-04  0.3158E-05
  0.4178E+01  0.1208E-04  0.3151E-05
  0.4198E+01  0.1189E-04  0.3148E-05
  0.4217E+01  0.1171E-04  0.3149E-05
  0.4237E+01  0.1153E-04  0.3156E-05
  0.4257E+01  0.1135E-04  0.3169E-05
  0.4277E+01  0.1118E-04  0.3187E-05
  0.4297E+01  0.1102E-04  0.3212E-05
  0.4316E+01  0.1086E-04  0.3243E-05
  0.4336E+01  0.1070E-04  0.3281E-05
  0.4356E+01  0.1055E-04  0.3325E-05
  0.4376E+01  0.1039E-04  0.3374E-05
  0.4396E+01  0.1024E-04  0.3429E-05
  0.4415E+01  0.1009E-04  0.3487E-05
  0.4435E+01  0.9942E-05  0.3549E-05
  0.4455E+01  0.9789E-05  0.3612E-05
  0.4475E+01  0.9634E-05  0.3676E-05
  0.4495E+01  0.9474E-05  0.3738E-05
  0.4514E+01  0.9309E-05  0.3798E-05
  0.4534E+01  0.9136E-05  0.3852E-05
  0.4554E+01  0.8954E-05  0.3901E-05
  0.4574E+01  0.8761E-05  0.3940E-05
  0.4594E+01  0.8556E-05  0.3969E-05
  0.4613E+01  0.8336E-05  0.3985E-05
  0.4633E+01  0.8099E-05  0.3985E-05
  0.4653E+01  0.7843E-05  0.3969E-05
  0.4673E+01  0.7565E-05  0.3932E-05
  0.4693E+01  0.7264E-05  0.3874E-05
  0.4712E+01  0.6937E-05  0.3791E-05
  0.4732E+01  0.6581E-05  0.3681E-05
  0.4752E+01  0.6194E-05  0.3542E-05
  0.4772E+01  0.5773E-05  0.3371E-05
  0.4792E+01  0.5315E-05  0.3166E-05
  0.4811E+01  0.4818E-05  0.2925E-05
  0.4831E+01  0.4279E-05  0.2644E-05
  0.4851E+01  0.3695E-05  0.2322E-05
  0.4871E+01  0.3063E-05  0.1956E-05
  0.4891E+01  0.2381E-05  0.1543E-05
  0.4910E+01  0.1645E-05  0.1081E-05
  0.4930E+01  0.8521E-06  0.5673E-06
  0.4950E+01  0.0000E+00  0.0000E+00
