
           ####      G N O M             Version 5.0 (r14885)      ####
                                               Tue Mar 25 13:53:12 2025

           ####      Configuration                                 ####

    System Type:                   arbitrary monodisperse (job = 0)
    Minimum characteristic size:         0.0000
    Maximum characteristic size:         4.9500
    rad56:                               0.0000
    Force 0.0 at r = rmin:                  yes
    Force 0.0 at r = rmax:                  yes
    Initial alpha:                       0.0000
    Initial random seed:     926454802549853515
    Points in real space:                    72

    Input  1:                      /Users/oskarsvensson/Science/FILES/ARTICLES/Experiment/SAXS_data_Jan_2025_Grenoble/Hst1_HS/Hst1_HS_pro/0p21_re.dat
    First data point used:                   18
    Last data point used:                   100
    Scaling coefficient:             0.1000E+01
    Experimental setup:            point collimation



           ####      Results                                       ####

    Parameter    DISCRP  OSCILL  STABIL  SYSDEV  POSITV  VALCEN  SMOOTH
    Weight        1.000   3.000   3.000   3.000   1.000   1.000   1.000
    Sigma         0.300   0.600   0.120   0.120   0.120   0.120   0.600
    Ideal         0.700   1.100   0.000   1.000   1.000   0.950   0.000
    Current       0.867   1.278   0.013   0.780   1.000   0.854   1.154
               --------------------------------------------------------
    Estimate      0.733   0.916   0.988   0.035   1.000   0.525   0.025

    Angular range:                       0.1620 to       4.9585
    Reciprocal space Rg:             0.1562E+01
    Reciprocal space I(0):           0.2003E-02

    Real space range:                    0.0000 to       4.9500
    Real space Rg:                   0.1563E+01 +-   0.2596E-01
    Real space I(0):                 0.2003E-02 +-   0.2635E-04

    Highest ALPHA (theor):           0.2285E+02
    Current ALPHA:                   0.1102E+01

    Total Estimate:                      0.6231 (a REASONABLE solution)



           ####      Experimental Data and Fit                     ####

      S          J EXP       ERROR       J REG       I REG

   0.000000E+00                                                0.200325E-02
   0.674834E-02                                                0.200317E-02
   0.134967E-01                                                0.200295E-02
   0.202450E-01                                                0.200258E-02
   0.269933E-01                                                0.200206E-02
   0.337417E-01                                                0.200139E-02
   0.404900E-01                                                0.200058E-02
   0.472384E-01                                                0.199961E-02
   0.539867E-01                                                0.199850E-02
   0.607350E-01                                                0.199724E-02
   0.674834E-01                                                0.199584E-02
   0.742317E-01                                                0.199428E-02
   0.809800E-01                                                0.199258E-02
   0.877284E-01                                                0.199074E-02
   0.944767E-01                                                0.198875E-02
   0.101225E+00                                                0.198662E-02
   0.107973E+00                                                0.198434E-02
   0.114722E+00                                                0.198191E-02
   0.121470E+00                                                0.197935E-02
   0.128218E+00                                                0.197664E-02
   0.134967E+00                                                0.197379E-02
   0.141715E+00                                                0.197080E-02
   0.148463E+00                                                0.196767E-02
   0.155212E+00                                                0.196440E-02
   0.161960E+00   0.233914E-02   0.270457E-03   0.196099E-02   0.196099E-02
   0.168904E+00   0.204634E-02   0.185611E-03   0.195734E-02   0.195734E-02
   0.176146E+00   0.233574E-02   0.248866E-03   0.195337E-02   0.195337E-02
   0.183698E+00   0.200674E-02   0.171494E-03   0.194908E-02   0.194908E-02
   0.191575E+00   0.195593E-02   0.163694E-03   0.194441E-02   0.194441E-02
   0.199788E+00   0.206184E-02   0.225020E-03   0.193936E-02   0.193936E-02
   0.208354E+00   0.193505E-02   0.155150E-03   0.193387E-02   0.193387E-02
   0.217288E+00   0.201548E-02   0.149227E-03   0.192793E-02   0.192793E-02
   0.226604E+00   0.217631E-02   0.144786E-03   0.192149E-02   0.192149E-02
   0.236320E+00   0.198116E-02   0.139573E-03   0.191452E-02   0.191452E-02
   0.246452E+00   0.185560E-02   0.136412E-03   0.190697E-02   0.190697E-02
   0.257019E+00   0.172067E-02   0.132726E-03   0.189880E-02   0.189880E-02
   0.268039E+00   0.190242E-02   0.109410E-03   0.188996E-02   0.188996E-02
   0.279531E+00   0.206262E-02   0.140427E-03   0.188040E-02   0.188040E-02
   0.291516E+00   0.197383E-02   0.117147E-03   0.187006E-02   0.187006E-02
   0.304015E+00   0.201834E-02   0.139680E-03   0.185890E-02   0.185890E-02
   0.317050E+00   0.187483E-02   0.110216E-03   0.184685E-02   0.184685E-02
   0.330643E+00   0.196483E-02   0.102762E-03   0.183384E-02   0.183384E-02
   0.344820E+00   0.187713E-02   0.974941E-04   0.181983E-02   0.181983E-02
   0.359604E+00   0.189115E-02   0.940511E-04   0.180472E-02   0.180472E-02
   0.375022E+00   0.183809E-02   0.918424E-04   0.178847E-02   0.178847E-02
   0.391101E+00   0.172506E-02   0.888362E-04   0.177098E-02   0.177098E-02
   0.407870E+00   0.173541E-02   0.745888E-04   0.175220E-02   0.175220E-02
   0.425358E+00   0.172689E-02   0.723360E-04   0.173204E-02   0.173204E-02
   0.443595E+00   0.170804E-02   0.821049E-04   0.171042E-02   0.171042E-02
   0.462614E+00   0.172503E-02   0.693438E-04   0.168729E-02   0.168729E-02
   0.482449E+00   0.170065E-02   0.673663E-04   0.166255E-02   0.166255E-02
   0.503135E+00   0.153774E-02   0.609708E-04   0.163614E-02   0.163614E-02
   0.524707E+00   0.159871E-02   0.684544E-04   0.160799E-02   0.160799E-02
   0.547204E+00   0.161035E-02   0.608434E-04   0.157804E-02   0.157804E-02
   0.570665E+00   0.154018E-02   0.575565E-04   0.154625E-02   0.154625E-02
   0.595133E+00   0.160375E-02   0.553536E-04   0.151255E-02   0.151255E-02
   0.620649E+00   0.150268E-02   0.537310E-04   0.147693E-02   0.147693E-02
   0.647260E+00   0.146956E-02   0.478254E-04   0.143937E-02   0.143937E-02
   0.675011E+00   0.140315E-02   0.464445E-04   0.139986E-02   0.139986E-02
   0.703953E+00   0.132892E-02   0.452685E-04   0.135844E-02   0.135844E-02
   0.734135E+00   0.125957E-02   0.441075E-04   0.131514E-02   0.131514E-02
   0.765612E+00   0.128730E-02   0.398447E-04   0.127004E-02   0.127004E-02
   0.798438E+00   0.118932E-02   0.388425E-04   0.122324E-02   0.122324E-02
   0.832671E+00   0.115785E-02   0.378956E-04   0.117487E-02   0.117487E-02
   0.868372E+00   0.109087E-02   0.369556E-04   0.112510E-02   0.112510E-02
   0.905604E+00   0.107491E-02   0.337291E-04   0.107414E-02   0.107414E-02
   0.944432E+00   0.977689E-03   0.328772E-04   0.102223E-02   0.102223E-02
   0.984925E+00   0.939362E-03   0.302434E-04   0.969641E-03   0.969641E-03
   0.102715E+01   0.923405E-03   0.314179E-04   0.916686E-03   0.916686E-03
   0.107119E+01   0.909175E-03   0.277794E-04   0.863703E-03   0.863703E-03
   0.111712E+01   0.830989E-03   0.296824E-04   0.811052E-03   0.811052E-03
   0.116502E+01   0.804201E-03   0.272431E-04   0.759106E-03   0.759106E-03
   0.121497E+01   0.692678E-03   0.250914E-04   0.708242E-03   0.708242E-03
   0.126706E+01   0.720429E-03   0.256054E-04   0.658825E-03   0.658825E-03
   0.132139E+01   0.598560E-03   0.232705E-04   0.611193E-03   0.611193E-03
   0.137804E+01   0.564050E-03   0.231345E-04   0.565645E-03   0.565645E-03
   0.143713E+01   0.534903E-03   0.222107E-04   0.522418E-03   0.522418E-03
   0.149874E+01   0.499254E-03   0.207228E-04   0.481678E-03   0.481678E-03
   0.156300E+01   0.461291E-03   0.201998E-04   0.443509E-03   0.443509E-03
   0.163002E+01   0.412231E-03   0.192779E-04   0.407903E-03   0.407903E-03
   0.169991E+01   0.345635E-03   0.180406E-04   0.374766E-03   0.374766E-03
   0.177279E+01   0.310199E-03   0.175774E-04   0.343927E-03   0.343927E-03
   0.184880E+01   0.331153E-03   0.166131E-04   0.315161E-03   0.315161E-03
   0.192807E+01   0.276875E-03   0.161664E-04   0.288215E-03   0.288215E-03
   0.201073E+01   0.264242E-03   0.156924E-04   0.262847E-03   0.262847E-03
   0.209695E+01   0.262889E-03   0.148628E-04   0.238864E-03   0.238864E-03
   0.218685E+01   0.221118E-03   0.149402E-04   0.216157E-03   0.216157E-03
   0.228062E+01   0.205667E-03   0.155759E-04   0.194720E-03   0.194720E-03
   0.237840E+01   0.171186E-03   0.153214E-04   0.174652E-03   0.174652E-03
   0.248037E+01   0.151331E-03   0.157133E-04   0.156132E-03   0.156132E-03
   0.258672E+01   0.130888E-03   0.162977E-04   0.139366E-03   0.139366E-03
   0.269763E+01   0.977358E-04   0.158372E-04   0.124516E-03   0.124516E-03
   0.281329E+01   0.125763E-03   0.160476E-04   0.111624E-03   0.111624E-03
   0.293391E+01   0.982308E-04   0.151713E-04   0.100562E-03   0.100562E-03
   0.305970E+01   0.898358E-04   0.146952E-04   0.910130E-04   0.910130E-04
   0.319089E+01   0.104586E-03   0.142386E-04   0.825326E-04   0.825326E-04
   0.332770E+01   0.741650E-04   0.142085E-04   0.746523E-04   0.746523E-04
   0.347038E+01   0.571923E-04   0.137018E-04   0.670231E-04   0.670231E-04
   0.361917E+01   0.435132E-04   0.153530E-04   0.595333E-04   0.595333E-04
   0.377434E+01   0.670412E-04   0.163366E-04   0.523436E-04   0.523436E-04
   0.393617E+01   0.497523E-04   0.166929E-04   0.458013E-04   0.458013E-04
   0.410494E+01   0.373163E-04   0.170397E-04   0.402543E-04   0.402543E-04
   0.428094E+01   0.261911E-04   0.184906E-04   0.358478E-04   0.358478E-04
   0.446448E+01   0.324308E-04   0.210124E-04   0.324257E-04   0.324257E-04
   0.465590E+01  -0.866500E-06   0.239475E-04   0.296161E-04   0.296161E-04
   0.485552E+01   0.453058E-04   0.312978E-04   0.270629E-04   0.270629E-04
   0.495852E+01   0.500064E-04   0.130152E-03   0.258313E-04   0.258313E-04

           ####      Real Space Data                               ####

           Distance distribution  function of particle  


      R          P(R)      ERROR

  0.0000E+00  0.0000E+00  0.0000E+00
  0.6972E-01  0.3720E-05  0.6439E-06
  0.1394E+00  0.7772E-05  0.1038E-05
  0.2092E+00  0.1212E-04  0.1205E-05
  0.2789E+00  0.1671E-04  0.1180E-05
  0.3486E+00  0.2147E-04  0.1015E-05
  0.4183E+00  0.2630E-04  0.7862E-06
  0.4880E+00  0.3112E-04  0.6333E-06
  0.5577E+00  0.3582E-04  0.7172E-06
  0.6275E+00  0.4031E-04  0.9745E-06
  0.6972E+00  0.4449E-04  0.1256E-05
  0.7669E+00  0.4830E-04  0.1484E-05
  0.8366E+00  0.5167E-04  0.1627E-05
  0.9063E+00  0.5455E-04  0.1675E-05
  0.9761E+00  0.5694E-04  0.1634E-05
  0.1046E+01  0.5881E-04  0.1525E-05
  0.1115E+01  0.6019E-04  0.1385E-05
  0.1185E+01  0.6110E-04  0.1260E-05
  0.1255E+01  0.6159E-04  0.1201E-05
  0.1325E+01  0.6171E-04  0.1231E-05
  0.1394E+01  0.6151E-04  0.1328E-05
  0.1464E+01  0.6105E-04  0.1451E-05
  0.1534E+01  0.6038E-04  0.1561E-05
  0.1604E+01  0.5956E-04  0.1637E-05
  0.1673E+01  0.5862E-04  0.1671E-05
  0.1743E+01  0.5759E-04  0.1670E-05
  0.1813E+01  0.5650E-04  0.1651E-05
  0.1882E+01  0.5536E-04  0.1632E-05
  0.1952E+01  0.5417E-04  0.1630E-05
  0.2022E+01  0.5293E-04  0.1656E-05
  0.2092E+01  0.5163E-04  0.1707E-05
  0.2161E+01  0.5026E-04  0.1773E-05
  0.2231E+01  0.4882E-04  0.1842E-05
  0.2301E+01  0.4730E-04  0.1902E-05
  0.2370E+01  0.4570E-04  0.1950E-05
  0.2440E+01  0.4401E-04  0.1985E-05
  0.2510E+01  0.4226E-04  0.2012E-05
  0.2580E+01  0.4045E-04  0.2035E-05
  0.2649E+01  0.3860E-04  0.2057E-05
  0.2719E+01  0.3674E-04  0.2081E-05
  0.2789E+01  0.3488E-04  0.2104E-05
  0.2858E+01  0.3307E-04  0.2123E-05
  0.2928E+01  0.3131E-04  0.2135E-05
  0.2998E+01  0.2963E-04  0.2140E-05
  0.3068E+01  0.2804E-04  0.2140E-05
  0.3137E+01  0.2656E-04  0.2141E-05
  0.3207E+01  0.2519E-04  0.2148E-05
  0.3277E+01  0.2392E-04  0.2167E-05
  0.3346E+01  0.2275E-04  0.2200E-05
  0.3416E+01  0.2167E-04  0.2243E-05
  0.3486E+01  0.2066E-04  0.2290E-05
  0.3556E+01  0.1970E-04  0.2334E-05
  0.3625E+01  0.1877E-04  0.2367E-05
  0.3695E+01  0.1787E-04  0.2383E-05
  0.3765E+01  0.1696E-04  0.2379E-05
  0.3835E+01  0.1605E-04  0.2358E-05
  0.3904E+01  0.1512E-04  0.2325E-05
  0.3974E+01  0.1417E-04  0.2287E-05
  0.4044E+01  0.1320E-04  0.2251E-05
  0.4113E+01  0.1220E-04  0.2225E-05
  0.4183E+01  0.1119E-04  0.2210E-05
  0.4253E+01  0.1016E-04  0.2204E-05
  0.4323E+01  0.9126E-05  0.2199E-05
  0.4392E+01  0.8091E-05  0.2182E-05
  0.4462E+01  0.7060E-05  0.2140E-05
  0.4532E+01  0.6036E-05  0.2057E-05
  0.4601E+01  0.5020E-05  0.1919E-05
  0.4671E+01  0.4011E-05  0.1711E-05
  0.4741E+01  0.3008E-05  0.1423E-05
  0.4811E+01  0.2008E-05  0.1045E-05
  0.4880E+01  0.1006E-05  0.5723E-06
  0.4950E+01  0.0000E+00  0.0000E+00
